This is XeTeX, Version 3.14159265-2.6-0.99992 (TeX Live 2015) (preloaded format=xelatex 2015.5.24)  22 MAY 2016 09:52
entering extended mode
 restricted \write18 enabled.
 file:line:error style messages enabled.
 %&-line parsing enabled.
**TAMUthesis_Template_OpenThisFileToCompile.tex
(./TAMUthesis_Template_OpenThisFileToCompile.tex
LaTeX2e <2015/01/01>
Babel <3.9l> and hyphenation patterns for 79 languages loaded.
(./TAMUthesis.cls
Document Class: TAMUthesis 2015/04/15 Texas A&M University Thesis Template Vers
ion 2.2 By Gaofeng@tamu.edu from OGAPS/TAMU based on book.cls
(/usr/local/texlive/2015/texmf-dist/tex/latex/graphics/lscape.sty
Package: lscape 2000/10/22 v3.01 Landscape Pages (DPC)

(/usr/local/texlive/2015/texmf-dist/tex/latex/graphics/graphics.sty
Package: graphics 2014/10/28 v1.0p Standard LaTeX Graphics (DPC,SPQR)

(/usr/local/texlive/2015/texmf-dist/tex/latex/graphics/trig.sty
Package: trig 1999/03/16 v1.09 sin cos tan (DPC)
)
(/usr/local/texlive/2015/texmf-dist/tex/latex/latexconfig/graphics.cfg
File: graphics.cfg 2010/04/23 v1.9 graphics configuration of TeX Live
)
Package graphics Info: Driver file: xetex.def on input line 94.

(/usr/local/texlive/2015/texmf-dist/tex/xelatex/xetex-def/xetex.def
File: xetex.def 2015/03/25 v4.04 LaTeX color/graphics driver for XeTeX (TeX Liv
e/RRM/JK)
)))
(/usr/local/texlive/2015/texmf-dist/tex/latex/url/url.sty
\Urlmuskip=\muskip10
Package: url 2013/09/16  ver 3.4  Verb mode for urls, etc.
)
(/usr/local/texlive/2015/texmf-dist/tex/latex/mathtools/mathtools.sty
Package: mathtools 2015/05/11 v1.16 mathematical typesetting tools

(/usr/local/texlive/2015/texmf-dist/tex/latex/graphics/keyval.sty
Package: keyval 2014/10/28 v1.15 key=value parser (DPC)
\KV@toks@=\toks14
)
(/usr/local/texlive/2015/texmf-dist/tex/latex/tools/calc.sty
Package: calc 2014/10/28 v4.3 Infix arithmetic (KKT,FJ)
\calc@Acount=\count79
\calc@Bcount=\count80
\calc@Adimen=\dimen102
\calc@Bdimen=\dimen103
\calc@Askip=\skip41
\calc@Bskip=\skip42
LaTeX Info: Redefining \setlength on input line 80.
LaTeX Info: Redefining \addtolength on input line 81.
\calc@Ccount=\count81
\calc@Cskip=\skip43
)
(/usr/local/texlive/2015/texmf-dist/tex/latex/mathtools/mhsetup.sty
Package: mhsetup 2010/01/21 v1.2a programming setup (MH)
)
(/usr/local/texlive/2015/texmf-dist/tex/latex/amsmath/amsmath.sty
Package: amsmath 2013/01/14 v2.14 AMS math features
\@mathmargin=\skip44

For additional information on amsmath, use the `?' option.
(/usr/local/texlive/2015/texmf-dist/tex/latex/amsmath/amstext.sty
Package: amstext 2000/06/29 v2.01

(/usr/local/texlive/2015/texmf-dist/tex/latex/amsmath/amsgen.sty
File: amsgen.sty 1999/11/30 v2.0
\@emptytoks=\toks15
\ex@=\dimen104
))
(/usr/local/texlive/2015/texmf-dist/tex/latex/amsmath/amsbsy.sty
Package: amsbsy 1999/11/29 v1.2d
\pmbraise@=\dimen105
)
(/usr/local/texlive/2015/texmf-dist/tex/latex/amsmath/amsopn.sty
Package: amsopn 1999/12/14 v2.01 operator names
)
\inf@bad=\count82
LaTeX Info: Redefining \frac on input line 210.
\uproot@=\count83
\leftroot@=\count84
LaTeX Info: Redefining \overline on input line 306.
\classnum@=\count85
\DOTSCASE@=\count86
LaTeX Info: Redefining \ldots on input line 378.
LaTeX Info: Redefining \dots on input line 381.
LaTeX Info: Redefining \cdots on input line 466.
\Mathstrutbox@=\box26
\strutbox@=\box27
\big@size=\dimen106
LaTeX Font Info:    Redeclaring font encoding OML on input line 566.
LaTeX Font Info:    Redeclaring font encoding OMS on input line 567.
\macc@depth=\count87
\c@MaxMatrixCols=\count88
\dotsspace@=\muskip11
\c@parentequation=\count89
\dspbrk@lvl=\count90
\tag@help=\toks16
\row@=\count91
\column@=\count92
\maxfields@=\count93
\andhelp@=\toks17
\eqnshift@=\dimen107
\alignsep@=\dimen108
\tagshift@=\dimen109
\tagwidth@=\dimen110
\totwidth@=\dimen111
\lineht@=\dimen112
\@envbody=\toks18
\multlinegap=\skip45
\multlinetaggap=\skip46
\mathdisplay@stack=\toks19
LaTeX Info: Redefining \[ on input line 2665.
LaTeX Info: Redefining \] on input line 2666.
)
LaTeX Info: Thecontrolsequence`\('isalreadyrobust on input line 129.
LaTeX Info: Thecontrolsequence`\)'isalreadyrobust on input line 129.
LaTeX Info: Thecontrolsequence`\['isalreadyrobust on input line 129.
LaTeX Info: Thecontrolsequence`\]'isalreadyrobust on input line 129.
\g_MT_multlinerow_int=\count94
\l_MT_multwidth_dim=\dimen113
\origjot=\skip47
\l_MT_shortvdotswithinadjustabove_dim=\dimen114
\l_MT_shortvdotswithinadjustbelow_dim=\dimen115
\l_MT_above_intertext_sep=\dimen116
\l_MT_below_intertext_sep=\dimen117
\l_MT_above_shortintertext_sep=\dimen118
\l_MT_below_shortintertext_sep=\dimen119
)
(/usr/local/texlive/2015/texmf-dist/tex/latex/adjustbox/adjustbox.sty
Package: adjustbox 2012/05/21 v1.0 Adjusting TeX boxes (trim, clip, ...)

(/usr/local/texlive/2015/texmf-dist/tex/latex/xkeyval/xkeyval.sty
Package: xkeyval 2014/12/03 v2.7a package option processing (HA)

(/usr/local/texlive/2015/texmf-dist/tex/generic/xkeyval/xkeyval.tex
(/usr/local/texlive/2015/texmf-dist/tex/generic/xkeyval/xkvutils.tex
\XKV@toks=\toks20
\XKV@tempa@toks=\toks21
)
\XKV@depth=\count95
File: xkeyval.tex 2014/12/03 v2.7a key=value parser (HA)
))
(/usr/local/texlive/2015/texmf-dist/tex/latex/adjustbox/adjcalc.sty
Package: adjcalc 2012/05/16 v1.1 Provides advanced setlength with multiple back
-ends (calc, etex, pgfmath)
)
(/usr/local/texlive/2015/texmf-dist/tex/latex/adjustbox/trimclip.sty
Package: trimclip 2012/05/16 v1.0 Trim and clip general TeX material

(/usr/local/texlive/2015/texmf-dist/tex/latex/graphics/graphicx.sty
Package: graphicx 2014/10/28 v1.0g Enhanced LaTeX Graphics (DPC,SPQR)
\Gin@req@height=\dimen120
\Gin@req@width=\dimen121
)
(/usr/local/texlive/2015/texmf-dist/tex/latex/collectbox/collectbox.sty
Package: collectbox 2012/05/17 v0.4b Collect macro arguments as boxes
\collectedbox=\box28
)
\tc@llx=\dimen122
\tc@lly=\dimen123
\tc@urx=\dimen124
\tc@ury=\dimen125
Package trimclip Info: Using driver 'tc-xetex.def'.

(/usr/local/texlive/2015/texmf-dist/tex/latex/adjustbox/tc-xetex.def
File: tc-xetex.def 2012/05/13 v1.0 Clipping driver for xetex
))
\adjbox@Width=\dimen126
\adjbox@Height=\dimen127
\adjbox@Depth=\dimen128
\adjbox@Totalheight=\dimen129

(/usr/local/texlive/2015/texmf-dist/tex/latex/ifoddpage/ifoddpage.sty
Package: ifoddpage 2011/09/13 v1.0 Conditionals for odd/even page detection
\c@checkoddpage=\count96
)
(/usr/local/texlive/2015/texmf-dist/tex/latex/varwidth/varwidth.sty
Package: varwidth 2009/03/30 ver 0.92;  Variable-width minipages
\@vwid@box=\box29
\sift@deathcycles=\count97
\@vwid@loff=\dimen130
\@vwid@roff=\dimen131
))
(/usr/local/texlive/2015/texmf-dist/tex/latex/base/book.cls
Document Class: book 2014/09/29 v1.4h Standard LaTeX document class
(/usr/local/texlive/2015/texmf-dist/tex/latex/base/bk12.clo
File: bk12.clo 2014/09/29 v1.4h Standard LaTeX file (size option)
)
\c@part=\count98
\c@chapter=\count99
\c@section=\count100
\c@subsection=\count101
\c@subsubsection=\count102
\c@paragraph=\count103
\c@subparagraph=\count104
\c@figure=\count105
\c@table=\count106
\abovecaptionskip=\skip48
\belowcaptionskip=\skip49
\bibindent=\dimen132
)
(/usr/local/texlive/2015/texmf-dist/tex/latex/base/textcomp.sty
Package: textcomp 2005/09/27 v1.99g Standard LaTeX package
Package textcomp Info: Sub-encoding information:
(textcomp)               5 = only ISO-Adobe without \textcurrency
(textcomp)               4 = 5 + \texteuro
(textcomp)               3 = 4 + \textohm
(textcomp)               2 = 3 + \textestimated + \textcurrency
(textcomp)               1 = TS1 - \textcircled - \t
(textcomp)               0 = TS1 (full)
(textcomp)             Font families with sub-encoding setting implement
(textcomp)             only a restricted character set as indicated.
(textcomp)             Family '?' is the default used for unknown fonts.
(textcomp)             See the documentation for details.
Package textcomp Info: Setting ? sub-encoding to TS1/1 on input line 79.

(/usr/local/texlive/2015/texmf-dist/tex/latex/base/ts1enc.def
File: ts1enc.def 2001/06/05 v3.0e (jk/car/fm) Standard LaTeX file
)
LaTeX Info: Redefining \oldstylenums on input line 334.
Package textcomp Info: Setting cmr sub-encoding to TS1/0 on input line 349.
Package textcomp Info: Setting cmss sub-encoding to TS1/0 on input line 350.
Package textcomp Info: Setting cmtt sub-encoding to TS1/0 on input line 351.
Package textcomp Info: Setting cmvtt sub-encoding to TS1/0 on input line 352.
Package textcomp Info: Setting cmbr sub-encoding to TS1/0 on input line 353.
Package textcomp Info: Setting cmtl sub-encoding to TS1/0 on input line 354.
Package textcomp Info: Setting ccr sub-encoding to TS1/0 on input line 355.
Package textcomp Info: Setting ptm sub-encoding to TS1/4 on input line 356.
Package textcomp Info: Setting pcr sub-encoding to TS1/4 on input line 357.
Package textcomp Info: Setting phv sub-encoding to TS1/4 on input line 358.
Package textcomp Info: Setting ppl sub-encoding to TS1/3 on input line 359.
Package textcomp Info: Setting pag sub-encoding to TS1/4 on input line 360.
Package textcomp Info: Setting pbk sub-encoding to TS1/4 on input line 361.
Package textcomp Info: Setting pnc sub-encoding to TS1/4 on input line 362.
Package textcomp Info: Setting pzc sub-encoding to TS1/4 on input line 363.
Package textcomp Info: Setting bch sub-encoding to TS1/4 on input line 364.
Package textcomp Info: Setting put sub-encoding to TS1/5 on input line 365.
Package textcomp Info: Setting uag sub-encoding to TS1/5 on input line 366.
Package textcomp Info: Setting ugq sub-encoding to TS1/5 on input line 367.
Package textcomp Info: Setting ul8 sub-encoding to TS1/4 on input line 368.
Package textcomp Info: Setting ul9 sub-encoding to TS1/4 on input line 369.
Package textcomp Info: Setting augie sub-encoding to TS1/5 on input line 370.
Package textcomp Info: Setting dayrom sub-encoding to TS1/3 on input line 371.
Package textcomp Info: Setting dayroms sub-encoding to TS1/3 on input line 372.

Package textcomp Info: Setting pxr sub-encoding to TS1/0 on input line 373.
Package textcomp Info: Setting pxss sub-encoding to TS1/0 on input line 374.
Package textcomp Info: Setting pxtt sub-encoding to TS1/0 on input line 375.
Package textcomp Info: Setting txr sub-encoding to TS1/0 on input line 376.
Package textcomp Info: Setting txss sub-encoding to TS1/0 on input line 377.
Package textcomp Info: Setting txtt sub-encoding to TS1/0 on input line 378.
Package textcomp Info: Setting lmr sub-encoding to TS1/0 on input line 379.
Package textcomp Info: Setting lmdh sub-encoding to TS1/0 on input line 380.
Package textcomp Info: Setting lmss sub-encoding to TS1/0 on input line 381.
Package textcomp Info: Setting lmssq sub-encoding to TS1/0 on input line 382.
Package textcomp Info: Setting lmvtt sub-encoding to TS1/0 on input line 383.
Package textcomp Info: Setting lmtt sub-encoding to TS1/0 on input line 384.
Package textcomp Info: Setting qhv sub-encoding to TS1/0 on input line 385.
Package textcomp Info: Setting qag sub-encoding to TS1/0 on input line 386.
Package textcomp Info: Setting qbk sub-encoding to TS1/0 on input line 387.
Package textcomp Info: Setting qcr sub-encoding to TS1/0 on input line 388.
Package textcomp Info: Setting qcs sub-encoding to TS1/0 on input line 389.
Package textcomp Info: Setting qpl sub-encoding to TS1/0 on input line 390.
Package textcomp Info: Setting qtm sub-encoding to TS1/0 on input line 391.
Package textcomp Info: Setting qzc sub-encoding to TS1/0 on input line 392.
Package textcomp Info: Setting qhvc sub-encoding to TS1/0 on input line 393.
Package textcomp Info: Setting futs sub-encoding to TS1/4 on input line 394.
Package textcomp Info: Setting futx sub-encoding to TS1/4 on input line 395.
Package textcomp Info: Setting futj sub-encoding to TS1/4 on input line 396.
Package textcomp Info: Setting hlh sub-encoding to TS1/3 on input line 397.
Package textcomp Info: Setting hls sub-encoding to TS1/3 on input line 398.
Package textcomp Info: Setting hlst sub-encoding to TS1/3 on input line 399.
Package textcomp Info: Setting hlct sub-encoding to TS1/5 on input line 400.
Package textcomp Info: Setting hlx sub-encoding to TS1/5 on input line 401.
Package textcomp Info: Setting hlce sub-encoding to TS1/5 on input line 402.
Package textcomp Info: Setting hlcn sub-encoding to TS1/5 on input line 403.
Package textcomp Info: Setting hlcw sub-encoding to TS1/5 on input line 404.
Package textcomp Info: Setting hlcf sub-encoding to TS1/5 on input line 405.
Package textcomp Info: Setting pplx sub-encoding to TS1/3 on input line 406.
Package textcomp Info: Setting pplj sub-encoding to TS1/3 on input line 407.
Package textcomp Info: Setting ptmx sub-encoding to TS1/4 on input line 408.
Package textcomp Info: Setting ptmj sub-encoding to TS1/4 on input line 409.
)
(/usr/local/texlive/2015/texmf-dist/tex/latex/base/fontenc.sty
Package: fontenc 2005/09/27 v1.99g Standard LaTeX package

(/usr/local/texlive/2015/texmf-dist/tex/latex/base/t1enc.def
File: t1enc.def 2005/09/27 v1.99g Standard LaTeX file
LaTeX Font Info:    Redeclaring font encoding T1 on input line 48.
))
(/usr/local/texlive/2015/texmf-dist/tex/latex/arydshln/arydshln.sty
Package: arydshln 2004/08/31 v1.71 
\dashlinedash=\dimen133
\dashlinegap=\dimen134
\adl@box=\box30
\adl@height=\dimen135
\adl@heightsave=\dimen136
\adl@depth=\dimen137
\adl@depthsave=\dimen138
\adl@finaldepth=\dimen139
\adl@columns=\count107
\adl@ncol=\count108
\adl@currentcolumn=\count109
\adl@currentcolumnsave=\count110
\adl@totalheight=\count111
\adl@totalheightsave=\count112
\adl@dash=\count113
\adl@gap=\count114
\adl@cla=\count115
\adl@clb=\count116
\adl@everyvbox=\toks22
\adl@LTpagetotal=\dimen140
)
(/usr/local/texlive/2015/texmf-dist/tex/latex/was/gensymb.sty
Package: gensymb 2003/07/02 v1.0 (WaS)
)
(/usr/local/texlive/2015/texmf-dist/tex/latex/listings/listings.sty
\lst@mode=\count117
\lst@gtempboxa=\box31
\lst@token=\toks23
\lst@length=\count118
\lst@currlwidth=\dimen141
\lst@column=\count119
\lst@pos=\count120
\lst@lostspace=\dimen142
\lst@width=\dimen143
\lst@newlines=\count121
\lst@lineno=\count122
\lst@maxwidth=\dimen144

(/usr/local/texlive/2015/texmf-dist/tex/latex/listings/lstmisc.sty
File: lstmisc.sty 2014/09/06 1.5e (Carsten Heinz)
\c@lstnumber=\count123
\lst@skipnumbers=\count124
\lst@framebox=\box32
)
(/usr/local/texlive/2015/texmf-dist/tex/latex/listings/listings.cfg
File: listings.cfg 2014/09/06 1.5e listings configuration
))
Package: listings 2014/09/06 1.5e (Carsten Heinz)

(/usr/local/texlive/2015/texmf-dist/tex/latex/rotating/rotating.sty
Package: rotating 2009/03/28 v2.16a rotated objects in LaTeX

(/usr/local/texlive/2015/texmf-dist/tex/latex/base/ifthen.sty
Package: ifthen 2014/09/29 v1.1c Standard LaTeX ifthen package (DPC)
)
\c@r@tfl@t=\count125
\rotFPtop=\skip50
\rotFPbot=\skip51
\rot@float@box=\box33
\rot@mess@toks=\toks24
)
(/usr/local/texlive/2015/texmf-dist/tex/latex/booktabs/booktabs.sty
Package: booktabs 2005/04/14 v1.61803 publication quality tables
\heavyrulewidth=\dimen145
\lightrulewidth=\dimen146
\cmidrulewidth=\dimen147
\belowrulesep=\dimen148
\belowbottomsep=\dimen149
\aboverulesep=\dimen150
\abovetopsep=\dimen151
\cmidrulesep=\dimen152
\cmidrulekern=\dimen153
\defaultaddspace=\dimen154
\@cmidla=\count126
\@cmidlb=\count127
\@aboverulesep=\dimen155
\@belowrulesep=\dimen156
\@thisruleclass=\count128
\@lastruleclass=\count129
\@thisrulewidth=\dimen157
)
(/usr/local/texlive/2015/texmf-dist/tex/latex/hyperref/hyperref.sty
Package: hyperref 2012/11/06 v6.83m Hypertext links for LaTeX

(/usr/local/texlive/2015/texmf-dist/tex/generic/oberdiek/hobsub-hyperref.sty
Package: hobsub-hyperref 2012/05/28 v1.13 Bundle oberdiek, subset hyperref (HO)


(/usr/local/texlive/2015/texmf-dist/tex/generic/oberdiek/hobsub-generic.sty
Package: hobsub-generic 2012/05/28 v1.13 Bundle oberdiek, subset generic (HO)
Package: hobsub 2012/05/28 v1.13 Construct package bundles (HO)
Package: infwarerr 2010/04/08 v1.3 Providing info/warning/error messages (HO)
Package: ltxcmds 2011/11/09 v1.22 LaTeX kernel commands for general use (HO)
Package: ifluatex 2010/03/01 v1.3 Provides the ifluatex switch (HO)
Package ifluatex Info: LuaTeX not detected.
Package: ifvtex 2010/03/01 v1.5 Detect VTeX and its facilities (HO)
Package ifvtex Info: VTeX not detected.
Package: intcalc 2007/09/27 v1.1 Expandable calculations with integers (HO)
Package: ifpdf 2011/01/30 v2.3 Provides the ifpdf switch (HO)
Package ifpdf Info: pdfTeX in PDF mode is not detected.
Package: etexcmds 2011/02/16 v1.5 Avoid name clashes with e-TeX commands (HO)
Package etexcmds Info: Could not find \expanded.
(etexcmds)             That can mean that you are not using pdfTeX 1.50 or
(etexcmds)             that some package has redefined \expanded.
(etexcmds)             In the latter case, load this package earlier.
Package: kvsetkeys 2012/04/25 v1.16 Key value parser (HO)
Package: kvdefinekeys 2011/04/07 v1.3 Define keys (HO)
Package: pdftexcmds 2011/11/29 v0.20 Utility functions of pdfTeX for LuaTeX (HO
)
Package pdftexcmds Info: LuaTeX not detected.
Package pdftexcmds Info: pdfTeX >= 1.30 not detected.
Package pdftexcmds Info: \pdf@primitive is available.
Package pdftexcmds Info: \pdf@ifprimitive is available.
Package pdftexcmds Info: \pdfdraftmode not found.
Package: pdfescape 2011/11/25 v1.13 Implements pdfTeX's escape features (HO)
Package: bigintcalc 2012/04/08 v1.3 Expandable calculations on big integers (HO
)
Package: bitset 2011/01/30 v1.1 Handle bit-vector datatype (HO)
Package: uniquecounter 2011/01/30 v1.2 Provide unlimited unique counter (HO)
)
Package hobsub Info: Skipping package `hobsub' (already loaded).
Package: letltxmacro 2010/09/02 v1.4 Let assignment for LaTeX macros (HO)
Package: hopatch 2012/05/28 v1.2 Wrapper for package hooks (HO)
Package: xcolor-patch 2011/01/30 xcolor patch
Package: atveryend 2011/06/30 v1.8 Hooks at the very end of document (HO)
Package atveryend Info: \enddocument detected (standard20110627).
Package: atbegshi 2011/10/05 v1.16 At begin shipout hook (HO)
Package: refcount 2011/10/16 v3.4 Data extraction from label references (HO)
Package: hycolor 2011/01/30 v1.7 Color options for hyperref/bookmark (HO)
)
(/usr/local/texlive/2015/texmf-dist/tex/generic/ifxetex/ifxetex.sty
Package: ifxetex 2010/09/12 v0.6 Provides ifxetex conditional
)
(/usr/local/texlive/2015/texmf-dist/tex/latex/oberdiek/auxhook.sty
Package: auxhook 2011/03/04 v1.3 Hooks for auxiliary files (HO)
)
(/usr/local/texlive/2015/texmf-dist/tex/latex/oberdiek/kvoptions.sty
Package: kvoptions 2011/06/30 v3.11 Key value format for package options (HO)
)
\@linkdim=\dimen158
\Hy@linkcounter=\count130
\Hy@pagecounter=\count131

(/usr/local/texlive/2015/texmf-dist/tex/latex/hyperref/pd1enc.def
File: pd1enc.def 2012/11/06 v6.83m Hyperref: PDFDocEncoding definition (HO)
)
\Hy@SavedSpaceFactor=\count132

(/usr/local/texlive/2015/texmf-dist/tex/latex/latexconfig/hyperref.cfg
File: hyperref.cfg 2002/06/06 v1.2 hyperref configuration of TeXLive
)
Package hyperref Info: Option `bookmarks' set `true' on input line 4319.
Package hyperref Info: Hyper figures OFF on input line 4443.
Package hyperref Info: Link nesting OFF on input line 4448.
Package hyperref Info: Hyper index ON on input line 4451.
Package hyperref Info: Plain pages OFF on input line 4458.
Package hyperref Info: Backreferencing OFF on input line 4463.
Package hyperref Info: Implicit mode ON; LaTeX internals redefined.
Package hyperref Info: Bookmarks ON on input line 4688.
\c@Hy@tempcnt=\count133
LaTeX Info: Redefining \url on input line 5041.
\XeTeXLinkMargin=\dimen159
\Fld@menulength=\count134
\Field@Width=\dimen160
\Fld@charsize=\dimen161
Package hyperref Info: Hyper figures OFF on input line 6295.
Package hyperref Info: Link nesting OFF on input line 6300.
Package hyperref Info: Hyper index ON on input line 6303.
Package hyperref Info: backreferencing OFF on input line 6310.
Package hyperref Info: Link coloring OFF on input line 6315.
Package hyperref Info: Link coloring with OCG OFF on input line 6320.
Package hyperref Info: PDF/A mode OFF on input line 6325.
LaTeX Info: Redefining \ref on input line 6365.
LaTeX Info: Redefining \pageref on input line 6369.
\Hy@abspage=\count135
\c@Item=\count136
\c@Hfootnote=\count137
)

Package hyperref Message: Driver: hxetex.

(/usr/local/texlive/2015/texmf-dist/tex/latex/hyperref/hxetex.def
File: hxetex.def 2012/11/06 v6.83m Hyperref driver for XeTeX

(/usr/local/texlive/2015/texmf-dist/tex/latex/hyperref/puenc.def
File: puenc.def 2012/11/06 v6.83m Hyperref: PDF Unicode definition (HO)
)
(/usr/local/texlive/2015/texmf-dist/tex/generic/oberdiek/stringenc.sty
Package: stringenc 2011/12/02 v1.10 Convert strings between diff. encodings (HO
)
)
\pdfm@box=\box34
\c@Hy@AnnotLevel=\count138
\HyField@AnnotCount=\count139
\Fld@listcount=\count140
\c@bookmark@seq@number=\count141

(/usr/local/texlive/2015/texmf-dist/tex/latex/oberdiek/rerunfilecheck.sty
Package: rerunfilecheck 2011/04/15 v1.7 Rerun checks for auxiliary files (HO)
Package rerunfilecheck Info: Feature \pdfmdfivesum is not available
(rerunfilecheck)             (e.g. pdfTeX or LuaTeX with package `pdftexcmds').

(rerunfilecheck)             Therefore file contents cannot be checked efficien
tly
(rerunfilecheck)             and the loading of the package is aborted.
)
\Hy@SectionHShift=\skip52
)
(/usr/local/texlive/2015/texmf-dist/tex/latex/threeparttable/threeparttable.sty
Package: threeparttable 2003/06/13  v 3.0
\@tempboxb=\box35
) (/usr/local/texlive/2015/texmf-dist/tex/latex/graphics/color.sty
Package: color 2014/10/28 v1.1a Standard LaTeX Color (DPC)

(/usr/local/texlive/2015/texmf-dist/tex/latex/latexconfig/color.cfg
File: color.cfg 2007/01/18 v1.5 color configuration of teTeX/TeXLive
)
Package color Info: Driver file: xetex.def on input line 142.
)
(/usr/local/texlive/2015/texmf-dist/tex/latex/multirow/multirow.sty
\bigstrutjot=\dimen162
)
(/usr/local/texlive/2015/texmf-dist/tex/latex/geometry/geometry.sty
Package: geometry 2010/09/12 v5.6 Page Geometry
\Gm@cnth=\count142
\Gm@cntv=\count143
\c@Gm@tempcnt=\count144
\Gm@bindingoffset=\dimen163
\Gm@wd@mp=\dimen164
\Gm@odd@mp=\dimen165
\Gm@even@mp=\dimen166
\Gm@layoutwidth=\dimen167
\Gm@layoutheight=\dimen168
\Gm@layouthoffset=\dimen169
\Gm@layoutvoffset=\dimen170
\Gm@dimlist=\toks25
)
(/usr/local/texlive/2015/texmf-dist/tex/latex/caption/caption.sty
Package: caption 2013/05/02 v3.3-89 Customizing captions (AR)

(/usr/local/texlive/2015/texmf-dist/tex/latex/caption/caption3.sty
Package: caption3 2013/05/02 v1.6-88 caption3 kernel (AR)
Package caption3 Info: TeX engine: e-TeX on input line 57.
\captionmargin=\dimen171
\captionmargin@=\dimen172
\captionwidth=\dimen173
\caption@tempdima=\dimen174
\caption@indent=\dimen175
\caption@parindent=\dimen176
\caption@hangindent=\dimen177
)
\c@ContinuedFloat=\count145
Package caption Info: hyperref package is loaded.
Package caption Info: listings package is loaded.
Package caption Info: rotating package is loaded.
Package caption Info: threeparttable package is loaded.
)
(/usr/local/texlive/2015/texmf-dist/tex/latex/truncate/truncate.sty
Package: truncate 2001/08/20  ver 3.6
\@Trunc@RestHyph=\toks26
)
(/usr/local/texlive/2015/texmf-dist/tex/latex/base/fontenc.sty
Package: fontenc 2005/09/27 v1.99g Standard LaTeX package

(/usr/local/texlive/2015/texmf-dist/tex/latex/base/t1enc.def
File: t1enc.def 2005/09/27 v1.99g Standard LaTeX file
LaTeX Font Info:    Redeclaring font encoding T1 on input line 48.
))
(/usr/local/texlive/2015/texmf-dist/tex/latex/psnfss/mathptmx.sty
Package: mathptmx 2005/04/12 PSNFSS-v9.2a Times w/ Math, improved (SPQR, WaS) 
LaTeX Font Info:    Redeclaring symbol font `operators' on input line 28.
LaTeX Font Info:    Overwriting symbol font `operators' in version `normal'
(Font)                  OT1/cmr/m/n --> OT1/ztmcm/m/n on input line 28.
LaTeX Font Info:    Overwriting symbol font `operators' in version `bold'
(Font)                  OT1/cmr/bx/n --> OT1/ztmcm/m/n on input line 28.
LaTeX Font Info:    Redeclaring symbol font `letters' on input line 29.
LaTeX Font Info:    Overwriting symbol font `letters' in version `normal'
(Font)                  OML/cmm/m/it --> OML/ztmcm/m/it on input line 29.
LaTeX Font Info:    Overwriting symbol font `letters' in version `bold'
(Font)                  OML/cmm/b/it --> OML/ztmcm/m/it on input line 29.
LaTeX Font Info:    Redeclaring symbol font `symbols' on input line 30.
LaTeX Font Info:    Overwriting symbol font `symbols' in version `normal'
(Font)                  OMS/cmsy/m/n --> OMS/ztmcm/m/n on input line 30.
LaTeX Font Info:    Overwriting symbol font `symbols' in version `bold'
(Font)                  OMS/cmsy/b/n --> OMS/ztmcm/m/n on input line 30.
LaTeX Font Info:    Redeclaring symbol font `largesymbols' on input line 31.
LaTeX Font Info:    Overwriting symbol font `largesymbols' in version `normal'
(Font)                  OMX/cmex/m/n --> OMX/ztmcm/m/n on input line 31.
LaTeX Font Info:    Overwriting symbol font `largesymbols' in version `bold'
(Font)                  OMX/cmex/m/n --> OMX/ztmcm/m/n on input line 31.
\symbold=\mathgroup4
\symitalic=\mathgroup5
LaTeX Font Info:    Redeclaring math alphabet \mathbf on input line 34.
LaTeX Font Info:    Overwriting math alphabet `\mathbf' in version `normal'
(Font)                  OT1/cmr/bx/n --> OT1/ptm/bx/n on input line 34.
LaTeX Font Info:    Overwriting math alphabet `\mathbf' in version `bold'
(Font)                  OT1/cmr/bx/n --> OT1/ptm/bx/n on input line 34.
LaTeX Font Info:    Redeclaring math alphabet \mathit on input line 35.
LaTeX Font Info:    Overwriting math alphabet `\mathit' in version `normal'
(Font)                  OT1/cmr/m/it --> OT1/ptm/m/it on input line 35.
LaTeX Font Info:    Overwriting math alphabet `\mathit' in version `bold'
(Font)                  OT1/cmr/bx/it --> OT1/ptm/m/it on input line 35.
LaTeX Info: Redefining \hbar on input line 50.
)
(/usr/local/texlive/2015/texmf-dist/tex/latex/oberdiek/pdflscape.sty
Package: pdflscape 2008/08/11 v0.10 Display of landscape pages in PDF (HO)
Package pdflscape Info: Auto-detected driver: dvipdfm (xetex) on input line 98.

)
(/usr/local/texlive/2015/texmf-dist/tex/latex/caption/subcaption.sty
Package: subcaption 2013/02/03 v1.1-62 Sub-captions (AR)
\c@subfigure=\count146
\c@subtable=\count147
)
(/usr/local/texlive/2015/texmf-dist/tex/latex/appendix/appendix.sty
Package: appendix 2009/09/02 v1.2b extra appendix facilities
\c@@pps=\count148
\c@@ppsavesec=\count149
\c@@ppsaveapp=\count150
)
(/usr/local/texlive/2015/texmf-dist/tex/latex/setspace/setspace.sty
Package: setspace 2011/12/19 v6.7a set line spacing
)
(/usr/local/texlive/2015/texmf-dist/tex/latex/fontspec/fontspec.sty
Package: fontspec 2015/03/14 v2.4c Font selection for XeLaTeX and LuaLaTeX

(/usr/local/texlive/2015/texmf-dist/tex/latex/l3kernel/expl3.sty
Package: expl3 2015/03/01 v5547 L3 programming layer (loader) 

(/usr/local/texlive/2015/texmf-dist/tex/latex/l3kernel/expl3-code.tex
Package: expl3 2015/03/01 v5547 L3 programming layer (code) 
L3 Module: l3bootstrap 2015/02/28 v5542 L3 Bootstrap code
L3 Module: l3names 2015/02/24 v5535 L3 Namespace for primitives
L3 Module: l3basics 2015/01/27 v5500 L3 Basic definitions
L3 Module: l3expan 2014/11/27 v5472 L3 Argument expansion
L3 Module: l3tl 2015/01/27 v5500 L3 Token lists
L3 Module: l3str 2015/03/01 v5545 L3 Strings
L3 Module: l3seq 2014/08/23 v5354 L3 Sequences and stacks
L3 Module: l3int 2015/02/21 v5529 L3 Integers
\c_max_int=\count151
\l_tmpa_int=\count152
\l_tmpb_int=\count153
\g_tmpa_int=\count154
\g_tmpb_int=\count155
L3 Module: l3quark 2014/08/23 v5354 L3 Quarks
L3 Module: l3prg 2014/08/23 v5354 L3 Control structures
\g__prg_map_int=\count156
L3 Module: l3clist 2014/08/23 v5354 L3 Comma separated lists
L3 Module: l3token 2014/09/15 v5422 L3 Experimental token manipulation
L3 Module: l3prop 2014/08/23 v5354 L3 Property lists
L3 Module: l3msg 2015/02/26 v5537 L3 Messages
L3 Module: l3file 2014/08/24 v5369 L3 File and I/O operations
\l_iow_line_count_int=\count157
\l__iow_target_count_int=\count158
\l__iow_current_line_int=\count159
\l__iow_current_word_int=\count160
\l__iow_current_indentation_int=\count161
L3 Module: l3skip 2014/08/23 v5354 L3 Dimensions and skips
\c_zero_dim=\dimen178
\c_max_dim=\dimen179
\l_tmpa_dim=\dimen180
\l_tmpb_dim=\dimen181
\g_tmpa_dim=\dimen182
\g_tmpb_dim=\dimen183
\c_zero_skip=\skip53
\c_max_skip=\skip54
\l_tmpa_skip=\skip55
\l_tmpb_skip=\skip56
\g_tmpa_skip=\skip57
\g_tmpb_skip=\skip58
\c_zero_muskip=\muskip12
\c_max_muskip=\muskip13
\l_tmpa_muskip=\muskip14
\l_tmpb_muskip=\muskip15
\g_tmpa_muskip=\muskip16
\g_tmpb_muskip=\muskip17
L3 Module: l3keys 2015/01/27 v5500 L3 Key-value interfaces
\g__keyval_level_int=\count162
\l_keys_choice_int=\count163
L3 Module: l3fp 2014/08/22 v5336 L3 Floating points
\c__fp_leading_shift_int=\count164
\c__fp_middle_shift_int=\count165
\c__fp_trailing_shift_int=\count166
\c__fp_big_leading_shift_int=\count167
\c__fp_big_middle_shift_int=\count168
\c__fp_big_trailing_shift_int=\count169
\c__fp_Bigg_leading_shift_int=\count170
\c__fp_Bigg_middle_shift_int=\count171
\c__fp_Bigg_trailing_shift_int=\count172
L3 Module: l3box 2014/08/23 v5354 L3 Experimental boxes
\c_empty_box=\box36
\l_tmpa_box=\box37
\l_tmpb_box=\box38
\g_tmpa_box=\box39
\g_tmpb_box=\box40
L3 Module: l3coffins 2014/08/23 v5354 L3 Coffin code layer
\l__coffin_internal_box=\box41
\l__coffin_internal_dim=\dimen184
\l__coffin_offset_x_dim=\dimen185
\l__coffin_offset_y_dim=\dimen186
\l__coffin_x_dim=\dimen187
\l__coffin_y_dim=\dimen188
\l__coffin_x_prime_dim=\dimen189
\l__coffin_y_prime_dim=\dimen190
\c_empty_coffin=\box42
\l__coffin_aligned_coffin=\box43
\l__coffin_aligned_internal_coffin=\box44
\l_tmpa_coffin=\box45
\l_tmpb_coffin=\box46
\l__coffin_display_coffin=\box47
\l__coffin_display_coord_coffin=\box48
\l__coffin_display_pole_coffin=\box49
\l__coffin_display_offset_dim=\dimen191
\l__coffin_display_x_dim=\dimen192
\l__coffin_display_y_dim=\dimen193
L3 Module: l3color 2014/08/23 v5354 L3 Experimental color support
L3 Module: l3candidates 2015/03/01 v5544 L3 Experimental additions to l3kernel
\l__box_top_dim=\dimen194
\l__box_bottom_dim=\dimen195
\l__box_left_dim=\dimen196
\l__box_right_dim=\dimen197
\l__box_top_new_dim=\dimen198
\l__box_bottom_new_dim=\dimen199
\l__box_left_new_dim=\dimen200
\l__box_right_new_dim=\dimen201
\l__box_internal_box=\box50
\l__coffin_bounding_shift_dim=\dimen202
\l__coffin_left_corner_dim=\dimen203
\l__coffin_right_corner_dim=\dimen204
\l__coffin_bottom_corner_dim=\dimen205
\l__coffin_top_corner_dim=\dimen206
\l__coffin_scaled_total_height_dim=\dimen207
\l__coffin_scaled_width_dim=\dimen208
)
(/usr/local/texlive/2015/texmf-dist/tex/latex/l3kernel/l3unicode-data.def
File: l3unicode-data.def 2015/03/01 v5544 L3 Unicode data
)
(/usr/local/texlive/2015/texmf-dist/tex/latex/l3kernel/l3xdvipdfmx.def
File: l3xdvidpfmx.def 2015/03/01 v5544 L3 Experimental driver: xdvipdfmx
))
(/usr/local/texlive/2015/texmf-dist/tex/latex/l3packages/xparse/xparse.sty
Package: xparse 2014/11/25 v5471 L3 Experimental document command parser
\l__xparse_current_arg_int=\count173
\l__xparse_m_args_int=\count174
\l__xparse_mandatory_args_int=\count175
\l__xparse_processor_int=\count176
\l__xparse_v_nesting_int=\count177
)
\l_fontspec_script_int=\count178
\l_fontspec_language_int=\count179
\l_fontspec_strnum_int=\count180
\l__fontspec_tmpa_dim=\dimen209
\l__fontspec_tmpb_dim=\dimen210
\l__fontspec_tmpc_dim=\dimen211
Variant \tl_gset:cV already defined; not changing it on line 71

(/usr/local/texlive/2015/texmf-dist/tex/latex/fontspec/fontspec-patches.sty
Package: fontspec-patches 2015/03/14 v2.4c Font selection for XeLaTeX and LuaLa
TeX
LaTeX Info: Redefining \em on input line 49.
LaTeX Info: Redefining \emph on input line 57.
LaTeX Info: Redefining \- on input line 60.
.................................................
. LaTeX info: "xparse/redefine-command"
. 
. Redefining command \oldstylenums with sig. 'm' on line 155.
.................................................
.................................................
. LaTeX info: "xparse/define-command"
. 
. Defining command \liningnums with sig. 'm' on line 159.
.................................................
)
(/usr/local/texlive/2015/texmf-dist/tex/latex/fontspec/fontspec-xetex.sty
Package: fontspec-xetex 2015/03/14 v2.4c Font selection for XeLaTeX and LuaLaTe
X

(/usr/local/texlive/2015/texmf-dist/tex/latex/base/fontenc.sty
Package: fontenc 2005/09/27 v1.99g Standard LaTeX package

(/usr/local/texlive/2015/texmf-dist/tex/latex/euenc/eu1enc.def
File: eu1enc.def 2010/05/27 v0.1h Experimental Unicode font encodings
)
LaTeX Font Info:    Try loading font information for EU1+lmr on input line 105.


(/usr/local/texlive/2015/texmf-dist/tex/latex/euenc/eu1lmr.fd
File: eu1lmr.fd 2009/10/30 v1.6 Font defs for Latin Modern
))
(/usr/local/texlive/2015/texmf-dist/tex/xelatex/xunicode/xunicode.sty
File: xunicode.sty 2011/09/09 v0.981 provides access to latin accents and many 
other characters in Unicode lower plane

(/usr/local/texlive/2015/texmf-dist/tex/latex/tipa/t3enc.def
File: t3enc.def 2001/12/31 T3 encoding
LaTeX Font Info:    Try loading font information for EU1+lmss on input line 357
.

(/usr/local/texlive/2015/texmf-dist/tex/latex/euenc/eu1lmss.fd
File: eu1lmss.fd 2009/10/30 v1.6 Font defs for Latin Modern
))
\tipaTiiicode=\count181
\tipasavetokens=\toks27
\tipachecktokens=\toks28
)
.................................................
. LaTeX info: "xparse/define-command"
. 
. Defining command \__fontspec_post_arg:w with sig. 'mmO{}' on line 42.
.................................................
.................................................
. LaTeX info: "xparse/define-command"
. 
. Defining command \fontspec with sig. 'om' on line 44.
.................................................
.................................................
. LaTeX info: "xparse/define-command"
. 
. Defining command \setmainfont with sig. 'om' on line 54.
.................................................
.................................................
. LaTeX info: "xparse/define-command"
. 
. Defining command \setsansfont with sig. 'om' on line 64.
.................................................
.................................................
. LaTeX info: "xparse/define-command"
. 
. Defining command \setmonofont with sig. 'om' on line 74.
.................................................
.................................................
. LaTeX info: "xparse/define-command"
. 
. Defining command \setmathrm with sig. 'om' on line 88.
.................................................
.................................................
. LaTeX info: "xparse/define-command"
. 
. Defining command \setboldmathrm with sig. 'om' on line 96.
.................................................
.................................................
. LaTeX info: "xparse/define-command"
. 
. Defining command \setmathsf with sig. 'om' on line 104.
.................................................
.................................................
. LaTeX info: "xparse/define-command"
. 
. Defining command \setmathtt with sig. 'om' on line 112.
.................................................
.................................................
. LaTeX info: "xparse/define-command"
. 
. Defining command \newfontfamily with sig. 'mom' on line 126.
.................................................
.................................................
. LaTeX info: "xparse/define-command"
. 
. Defining command \newfontface with sig. 'mom' on line 141.
.................................................
.................................................
. LaTeX info: "xparse/define-command"
. 
. Defining command \defaultfontfeatures with sig. 't+om' on line 155.
.................................................
.................................................
. LaTeX info: "xparse/define-command"
. 
. Defining command \addfontfeatures with sig. 'm' on line 210.
.................................................
.................................................
. LaTeX info: "xparse/define-command"
. 
. Defining command \newfontfeature with sig. 'mm' on line 221.
.................................................
.................................................
. LaTeX info: "xparse/define-command"
. 
. Defining command \newAATfeature with sig. 'mmmm' on line 229.
.................................................
.................................................
. LaTeX info: "xparse/define-command"
. 
. Defining command \newopentypefeature with sig. 'mmm' on line 237.
.................................................
.................................................
. LaTeX info: "xparse/define-command"
. 
. Defining command \aliasfontfeature with sig. 'mm' on line 261.
.................................................
.................................................
. LaTeX info: "xparse/define-command"
. 
. Defining command \aliasfontfeatureoption with sig. 'mmm' on line 270.
.................................................
.................................................
. LaTeX info: "xparse/define-command"
. 
. Defining command \newfontscript with sig. 'mm' on line 275.
.................................................
.................................................
. LaTeX info: "xparse/define-command"
. 
. Defining command \newfontlanguage with sig. 'mm' on line 301.
.................................................
.................................................
. LaTeX info: "xparse/define-command"
. 
. Defining command \DeclareFontsExtensions with sig. 'm' on line 321.
.................................................
Variant \prop_gput:cnV already defined; not changing it on line 704
Variant \prop_gput:cnx already defined; not changing it on line 705
\l__fontspec_tmp_int=\count182
LaTeX Info: Redefining \itshape on input line 2232.
LaTeX Info: Redefining \slshape on input line 2237.
LaTeX Info: Redefining \scshape on input line 2242.
LaTeX Info: Redefining \upshape on input line 2247.

(/usr/local/texlive/2015/texmf-dist/tex/latex/fontspec/fontspec.cfg)))
\g__file_internal_ior=\read1
\g__fontspec_family_TimesNewRoman_int=\count183
.................................................
. fontspec info: "defining-font"
. 
. Font family 'TimesNewRoman(0)' created for font 'Times New Roman' with
. options [Ligatures=TeX].
. 
. This font family consists of the following shapes:
. 
. * 'normal' with NFSS spec.:
. <->"Times New Roman/OT:script=latn;language=DFLT;mapping=tex-text;"
. 
. * 'small caps' with NFSS spec.:
. 
. and font adjustment code:
. 
. 
. * 'bold' with NFSS spec.:
. <->"Times New Roman/B/OT:script=latn;language=DFLT;mapping=tex-text;"
. 
. * 'bold small caps' with NFSS spec.:
. 
. and font adjustment code:
. 
. 
. * 'italic' with NFSS spec.:
. <->"Times New Roman/I/OT:script=latn;language=DFLT;mapping=tex-text;"
. 
. * 'small caps' with NFSS spec.:
. 
. and font adjustment code:
. 
. 
. * 'bold italic' with NFSS spec.:
. <->"Times New Roman/BI/OT:script=latn;language=DFLT;mapping=tex-text;"
. 
. * 'bold small caps' with NFSS spec.:
. 
. and font adjustment code:
. 
.................................................

(/usr/local/texlive/2015/texmf-dist/tex/latex/enumitem/enumitem.sty
Package: enumitem 2011/09/28 v3.5.2 Customized lists
\labelindent=\skip59
\enit@outerparindent=\dimen212
\enit@toks=\toks29
\enit@inbox=\box51
\enitdp@description=\count184
)
(/usr/local/texlive/2015/texmf-dist/tex/latex/tools/indentfirst.sty
Package: indentfirst 1995/11/23 v1.03 Indent first paragraph (DPC)
)
(/usr/local/texlive/2015/texmf-dist/tex/latex/fancyhdr/fancyhdr.sty
\fancy@headwidth=\skip60
\f@ncyO@elh=\skip61
\f@ncyO@erh=\skip62
\f@ncyO@olh=\skip63
\f@ncyO@orh=\skip64
\f@ncyO@elf=\skip65
\f@ncyO@erf=\skip66
\f@ncyO@olf=\skip67
\f@ncyO@orf=\skip68
)
(/usr/local/texlive/2015/texmf-dist/tex/latex/titlesec/titlesec.sty
Package: titlesec 2011/12/15 v2.10.0 Sectioning titles
\ttl@box=\box52
\beforetitleunit=\skip69
\aftertitleunit=\skip70
\ttl@plus=\dimen213
\ttl@minus=\dimen214
\ttl@toksa=\toks30
\titlewidth=\dimen215
\titlewidthlast=\dimen216
\titlewidthfirst=\dimen217
)
(/usr/local/texlive/2015/texmf-dist/tex/latex/tocloft/tocloft.sty
Package: tocloft 2013/05/02 v2.3f parameterised ToC, etc., typesetting
Package tocloft Info: The document has chapter divisions on input line 44.
\cftparskip=\skip71
\cftbeforetoctitleskip=\skip72
\cftaftertoctitleskip=\skip73
\cftbeforepartskip=\skip74
\cftpartnumwidth=\skip75
\cftpartindent=\skip76
\cftbeforechapskip=\skip77
\cftchapindent=\skip78
\cftchapnumwidth=\skip79
\cftbeforesecskip=\skip80
\cftsecindent=\skip81
\cftsecnumwidth=\skip82
\cftbeforesubsecskip=\skip83
\cftsubsecindent=\skip84
\cftsubsecnumwidth=\skip85
\cftbeforesubsubsecskip=\skip86
\cftsubsubsecindent=\skip87
\cftsubsubsecnumwidth=\skip88
\cftbeforeparaskip=\skip89
\cftparaindent=\skip90
\cftparanumwidth=\skip91
\cftbeforesubparaskip=\skip92
\cftsubparaindent=\skip93
\cftsubparanumwidth=\skip94
\cftbeforeloftitleskip=\skip95
\cftafterloftitleskip=\skip96
\cftbeforefigskip=\skip97
\cftfigindent=\skip98
\cftfignumwidth=\skip99
\c@lofdepth=\count185
\c@lotdepth=\count186
\cftbeforelottitleskip=\skip100
\cftafterlottitleskip=\skip101
\cftbeforetabskip=\skip102
\cfttabindent=\skip103
\cfttabnumwidth=\skip104
)
(/usr/local/texlive/2015/texmf-dist/tex/latex/tools/afterpage.sty
Package: afterpage 2014/10/28 v1.08 After-Page Package (DPC)
\AP@output=\toks31
\AP@partial=\box53
\AP@footins=\box54
))
(/usr/local/texlive/2015/texmf-dist/tex/latex/natbib/natbib.sty
Package: natbib 2010/09/13 8.31b (PWD, AO)
\bibhang=\skip105
\bibsep=\skip106
LaTeX Info: Redefining \cite on input line 694.
\c@NAT@ctr=\count187
)
(./TAMUthesis_Template_OpenThisFileToCompile.aux (./data/cover.aux)
(./data/Abstract.aux) (./data/Dedication.aux) (./data/Acknowledgment.aux)
(./data/Nomenclature.aux) (./data/chapterI.aux) (./data/chapterII.aux)
(./data/chapterIII.aux) (./data/chapterIV.aux) (./data/Appendix.aux))
\openout1 = `TAMUthesis_Template_OpenThisFileToCompile.aux'.

LaTeX Font Info:    Checking defaults for OML/cmm/m/it on input line 42.
LaTeX Font Info:    ... okay on input line 42.
LaTeX Font Info:    Checking defaults for T1/cmr/m/n on input line 42.
LaTeX Font Info:    ... okay on input line 42.
LaTeX Font Info:    Checking defaults for OT1/cmr/m/n on input line 42.
LaTeX Font Info:    ... okay on input line 42.
LaTeX Font Info:    Checking defaults for OMS/cmsy/m/n on input line 42.
LaTeX Font Info:    ... okay on input line 42.
LaTeX Font Info:    Checking defaults for OMX/cmex/m/n on input line 42.
LaTeX Font Info:    ... okay on input line 42.
LaTeX Font Info:    Checking defaults for U/cmr/m/n on input line 42.
LaTeX Font Info:    ... okay on input line 42.
LaTeX Font Info:    Checking defaults for TS1/cmr/m/n on input line 42.
LaTeX Font Info:    Try loading font information for TS1+cmr on input line 42.

(/usr/local/texlive/2015/texmf-dist/tex/latex/base/ts1cmr.fd
File: ts1cmr.fd 2014/09/29 v2.5h Standard LaTeX font definitions
)
LaTeX Font Info:    ... okay on input line 42.
LaTeX Font Info:    Checking defaults for PD1/pdf/m/n on input line 42.
LaTeX Font Info:    ... okay on input line 42.
LaTeX Font Info:    Checking defaults for PU/pdf/m/n on input line 42.
LaTeX Font Info:    ... okay on input line 42.
LaTeX Font Info:    Checking defaults for EU1/lmr/m/n on input line 42.
LaTeX Font Info:    ... okay on input line 42.
LaTeX Font Info:    Checking defaults for T3/cmr/m/n on input line 42.
LaTeX Font Info:    Try loading font information for T3+cmr on input line 42.

(/usr/local/texlive/2015/texmf-dist/tex/latex/tipa/t3cmr.fd
File: t3cmr.fd 2001/12/31 TIPA font definitions
)
LaTeX Font Info:    ... okay on input line 42.
\symgns@font=\mathgroup6
LaTeX Font Info:    Overwriting symbol font `gns@font' in version `bold'
(Font)                  TS1/TimesNewRoman(0)/m/n --> TS1/TimesNewRoman(0)/bx/n 
on input line 42.
Package gensymb Info: Math companion symbols declared on input line 42.
LaTeX Info: Redefining \degree on input line 42.
LaTeX Info: Redefining \celsius on input line 42.
Package gensymb Info: Using text companion symbols for \degree, \celsius and \p
erthousand on input line 42.
LaTeX Info: Redefining \ohm on input line 42.
Package gensymb Info: Using \textohm for \ohm on input line 42.
Package gensymb Info: Using \textmu for \micro on input line 42.
\c@lstlisting=\count188
\AtBeginShipoutBox=\box55
Package hyperref Info: Link coloring OFF on input line 42.

(/usr/local/texlive/2015/texmf-dist/tex/latex/hyperref/nameref.sty
Package: nameref 2012/10/27 v2.43 Cross-referencing by name of section

(/usr/local/texlive/2015/texmf-dist/tex/generic/oberdiek/gettitlestring.sty
Package: gettitlestring 2010/12/03 v1.4 Cleanup title references (HO)
)
\c@section@level=\count189
)
LaTeX Info: Redefining \ref on input line 42.
LaTeX Info: Redefining \pageref on input line 42.
LaTeX Info: Redefining \nameref on input line 42.

(./TAMUthesis_Template_OpenThisFileToCompile.out)
(./TAMUthesis_Template_OpenThisFileToCompile.out)
\@outlinefile=\write3
\openout3 = `TAMUthesis_Template_OpenThisFileToCompile.out'.


*geometry* driver: auto-detecting
*geometry* detected driver: xetex
*geometry* verbose mode - [ preamble ] result:
* driver: xetex
* paper: <default>
* layout: <same size as paper>
* layoutoffset:(h,v)=(0.0pt,0.0pt)
* modes: 
* h-part:(L,W,R)=(101.17755pt, 430.0074pt, 83.11005pt)
* v-part:(T,H,B)=(90.3375pt, 614.295pt, 90.3375pt)
* \paperwidth=614.295pt
* \paperheight=794.96999pt
* \textwidth=430.0074pt
* \textheight=614.295pt
* \oddsidemargin=28.90756pt
* \evensidemargin=28.90756pt
* \topmargin=-13.80629pt
* \headheight=12.0pt
* \headsep=19.8738pt
* \topskip=12.0pt
* \footskip=30.0pt
* \marginparwidth=47.0pt
* \marginparsep=7.0pt
* \columnsep=10.0pt
* \skip\footins=10.8pt plus 4.0pt minus 2.0pt
* \hoffset=0.0pt
* \voffset=0.0pt
* \mag=1000
* \@twocolumnfalse
* \@twosidefalse
* \@mparswitchfalse
* \@reversemarginfalse
* (1in=72.27pt=25.4mm, 1cm=28.453pt)

Package caption Info: Begin \AtBeginDocument code.
Package caption Info: End \AtBeginDocument code.
\openout2 = `data/cover.aux'.

(./data/cover.tex)
LaTeX Font Info:    Calculating math sizes for size <14.05> on input line 47.
LaTeX Font Info:    Try loading font information for OT1+ztmcm on input line 47
.

(/usr/local/texlive/2015/texmf-dist/tex/latex/psnfss/ot1ztmcm.fd
File: ot1ztmcm.fd 2000/01/03 Fontinst v1.801 font definitions for OT1/ztmcm.
)
LaTeX Font Info:    Try loading font information for OML+ztmcm on input line 47
.

(/usr/local/texlive/2015/texmf-dist/tex/latex/psnfss/omlztmcm.fd
File: omlztmcm.fd 2000/01/03 Fontinst v1.801 font definitions for OML/ztmcm.
)
LaTeX Font Info:    Try loading font information for OMS+ztmcm on input line 47
.

(/usr/local/texlive/2015/texmf-dist/tex/latex/psnfss/omsztmcm.fd
File: omsztmcm.fd 2000/01/03 Fontinst v1.801 font definitions for OMS/ztmcm.
)
LaTeX Font Info:    Try loading font information for OMX+ztmcm on input line 47
.

(/usr/local/texlive/2015/texmf-dist/tex/latex/psnfss/omxztmcm.fd
File: omxztmcm.fd 2000/01/03 Fontinst v1.801 font definitions for OMX/ztmcm.
)
LaTeX Font Info:    Try loading font information for OT1+ptm on input line 47.

(/usr/local/texlive/2015/texmf-dist/tex/latex/psnfss/ot1ptm.fd
File: ot1ptm.fd 2001/06/04 font definitions for OT1/ptm.
)
LaTeX Font Info:    Font shape `OT1/ptm/bx/n' in size <14.05> not available
(Font)              Font shape `OT1/ptm/b/n' tried instead on input line 47.
LaTeX Font Info:    Font shape `OT1/ptm/bx/n' in size <10.39706> not available
(Font)              Font shape `OT1/ptm/b/n' tried instead on input line 47.
LaTeX Font Info:    Font shape `OT1/ptm/bx/n' in size <8.43008> not available
(Font)              Font shape `OT1/ptm/b/n' tried instead on input line 47.
LaTeX Font Info:    Try loading font information for TS1+TimesNewRoman(0) on in
put line 47.
LaTeX Font Info:    No file TS1TimesNewRoman(0).fd. on input line 47.


LaTeX Font Warning: Font shape `TS1/TimesNewRoman(0)/m/n' undefined
(Font)              using `TS1/cmr/m/n' instead on input line 47.


LaTeX Font Warning: Font shape `TS1/TimesNewRoman(0)/m/n' in size <8.43008> not
 available
(Font)              size <8> substituted on input line 47.

LaTeX Font Info:    Font shape `OT1/ptm/bx/n' in size <12> not available
(Font)              Font shape `OT1/ptm/b/n' tried instead on input line 47.
LaTeX Font Info:    Font shape `OT1/ptm/bx/n' in size <9> not available
(Font)              Font shape `OT1/ptm/b/n' tried instead on input line 47.
LaTeX Font Info:    Font shape `OT1/ptm/bx/n' in size <7> not available
(Font)              Font shape `OT1/ptm/b/n' tried instead on input line 47.
(/usr/local/texlive/2015/texmf-dist/tex/generic/oberdiek/se-ascii-print.def
File: se-ascii-print.def 2011/12/02 v1.10 stringenc: Printable ASCII characters

)
[1



]
\openout2 = `data/Abstract.aux'.

 (./data/Abstract.tex)
Overfull \hbox (4.0pt too wide) has occurred while \output is active
  []

\hbox(0.0+0.0)x430.0074, glue set - 1.0
.\glue 3.0 plus 1.5 minus 1.0
.\glue 3.0 plus 1.5 minus 1.0
.\vbox(0.0+0.0)x430.0074
..\hbox(0.0+0.0)x430.0074
...\hbox(0.0+0.0)x0.0, glue set - 430.0074fil
....\vbox(0.0+0.0)x430.0074
.....\hbox(0.0+0.0)x430.0074, glue set 215.00371fil []
....\glue 0.0 plus 1.0fil minus 1.0fil
...\glue 0.0 plus 1.0fill
...\vbox(0.0+0.0)x430.0074
....\hbox(0.0+0.0)x430.0074, glue set 215.00371fil
.....\glue(\leftskip) 0.0 plus 1.0fil
.....\hbox(0.0+0.0)x0.0
.....\penalty 10000
.....\glue(\parfillskip) 0.0
.....\glue(\rightskip) 0.0 plus 1.0fil
...\glue 0.0 plus 1.0fill
...\hbox(0.0+0.0)x0.0, glue set - 430.0074fil
....\glue 0.0 plus 1.0fil minus 1.0fil
....\vbox(0.0+0.0)x430.0074
.....\hbox(0.0+0.0)x430.0074, glue set 430.0074fil []
..\rule(0.0+0.0)x430.0074
..\glue 0.0


Overfull \hbox (4.0pt too wide) has occurred while \output is active
  []

\hbox(10.14995+4.35004)x430.0074, glue set - 1.0
.\glue 3.0 plus 1.5 minus 1.0
.\glue 3.0 plus 1.5 minus 1.0
.\vbox(10.14995+4.35004)x430.0074
..\glue -4.35004
..\glue 0.0
..\rule(0.0+0.0)x430.0074
..\glue 4.35004
..\hbox(10.14995+4.35004)x430.0074
...\hbox(0.0+0.0)x0.0, glue set - 430.0074fil
....\vbox(0.0+0.0)x430.0074
.....\hbox(0.0+0.0)x430.0074, glue set 215.00371fil []
....\glue 0.0 plus 1.0fil minus 1.0fil
...\glue 0.0 plus 1.0fill
...\vbox(10.14995+4.35004)x430.0074
....\hbox(10.14995+4.35004)x430.0074, glue set 211.66972fil
.....\glue(\leftskip) 0.0 plus 1.0fil
.....\hbox(0.0+0.0)x0.0
.....\EU1/TimesNewRoman(0)/m/n/12 ii
.....\rule(10.14995+4.35004)x0.0
.....\penalty 10000
.....etc.
...\glue 0.0 plus 1.0fill
...\hbox(0.0+0.0)x0.0, glue set - 430.0074fil
....\glue 0.0 plus 1.0fil minus 1.0fil
....\vbox(0.0+0.0)x430.0074
.....\hbox(0.0+0.0)x430.0074, glue set 430.0074fil []

[2


]
\openout2 = `data/Dedication.aux'.

 (./data/Dedication.tex)
Overfull \hbox (4.0pt too wide) has occurred while \output is active
  []

\hbox(0.0+0.0)x430.0074, glue set - 1.0
.\glue 3.0 plus 1.5 minus 1.0
.\glue 3.0 plus 1.5 minus 1.0
.\vbox(0.0+0.0)x430.0074
..\hbox(0.0+0.0)x430.0074
...\hbox(0.0+0.0)x0.0, glue set - 430.0074fil
....\vbox(0.0+0.0)x430.0074
.....\hbox(0.0+0.0)x430.0074, glue set 215.00371fil []
....\glue 0.0 plus 1.0fil minus 1.0fil
...\glue 0.0 plus 1.0fill
...\vbox(0.0+0.0)x430.0074
....\hbox(0.0+0.0)x430.0074, glue set 215.00371fil
.....\glue(\leftskip) 0.0 plus 1.0fil
.....\hbox(0.0+0.0)x0.0
.....\penalty 10000
.....\glue(\parfillskip) 0.0
.....\glue(\rightskip) 0.0 plus 1.0fil
...\glue 0.0 plus 1.0fill
...\hbox(0.0+0.0)x0.0, glue set - 430.0074fil
....\glue 0.0 plus 1.0fil minus 1.0fil
....\vbox(0.0+0.0)x430.0074
.....\hbox(0.0+0.0)x430.0074, glue set 430.0074fil []
..\rule(0.0+0.0)x430.0074
..\glue 0.0


Overfull \hbox (4.0pt too wide) has occurred while \output is active
  []

\hbox(10.14995+4.35004)x430.0074, glue set - 1.0
.\glue 3.0 plus 1.5 minus 1.0
.\glue 3.0 plus 1.5 minus 1.0
.\vbox(10.14995+4.35004)x430.0074
..\glue -4.35004
..\glue 0.0
..\rule(0.0+0.0)x430.0074
..\glue 4.35004
..\hbox(10.14995+4.35004)x430.0074
...\hbox(0.0+0.0)x0.0, glue set - 430.0074fil
....\vbox(0.0+0.0)x430.0074
.....\hbox(0.0+0.0)x430.0074, glue set 215.00371fil []
....\glue 0.0 plus 1.0fil minus 1.0fil
...\glue 0.0 plus 1.0fill
...\vbox(10.14995+4.35004)x430.0074
....\hbox(10.14995+4.35004)x430.0074, glue set 210.00273fil
.....\glue(\leftskip) 0.0 plus 1.0fil
.....\hbox(0.0+0.0)x0.0
.....\EU1/TimesNewRoman(0)/m/n/12 iii
.....\rule(10.14995+4.35004)x0.0
.....\penalty 10000
.....etc.
...\glue 0.0 plus 1.0fill
...\hbox(0.0+0.0)x0.0, glue set - 430.0074fil
....\glue 0.0 plus 1.0fil minus 1.0fil
....\vbox(0.0+0.0)x430.0074
.....\hbox(0.0+0.0)x430.0074, glue set 430.0074fil []

[3


]
\openout2 = `data/Acknowledgment.aux'.

 (./data/Acknowledgment.tex)
Overfull \hbox (4.0pt too wide) has occurred while \output is active
  []

\hbox(0.0+0.0)x430.0074, glue set - 1.0
.\glue 3.0 plus 1.5 minus 1.0
.\glue 3.0 plus 1.5 minus 1.0
.\vbox(0.0+0.0)x430.0074
..\hbox(0.0+0.0)x430.0074
...\hbox(0.0+0.0)x0.0, glue set - 430.0074fil
....\vbox(0.0+0.0)x430.0074
.....\hbox(0.0+0.0)x430.0074, glue set 215.00371fil []
....\glue 0.0 plus 1.0fil minus 1.0fil
...\glue 0.0 plus 1.0fill
...\vbox(0.0+0.0)x430.0074
....\hbox(0.0+0.0)x430.0074, glue set 215.00371fil
.....\glue(\leftskip) 0.0 plus 1.0fil
.....\hbox(0.0+0.0)x0.0
.....\penalty 10000
.....\glue(\parfillskip) 0.0
.....\glue(\rightskip) 0.0 plus 1.0fil
...\glue 0.0 plus 1.0fill
...\hbox(0.0+0.0)x0.0, glue set - 430.0074fil
....\glue 0.0 plus 1.0fil minus 1.0fil
....\vbox(0.0+0.0)x430.0074
.....\hbox(0.0+0.0)x430.0074, glue set 430.0074fil []
..\rule(0.0+0.0)x430.0074
..\glue 0.0


Overfull \hbox (4.0pt too wide) has occurred while \output is active
  []

\hbox(10.14995+4.35004)x430.0074, glue set - 1.0
.\glue 3.0 plus 1.5 minus 1.0
.\glue 3.0 plus 1.5 minus 1.0
.\vbox(10.14995+4.35004)x430.0074
..\glue -4.35004
..\glue 0.0
..\rule(0.0+0.0)x430.0074
..\glue 4.35004
..\hbox(10.14995+4.35004)x430.0074
...\hbox(0.0+0.0)x0.0, glue set - 430.0074fil
....\vbox(0.0+0.0)x430.0074
.....\hbox(0.0+0.0)x430.0074, glue set 215.00371fil []
....\glue 0.0 plus 1.0fil minus 1.0fil
...\glue 0.0 plus 1.0fill
...\vbox(10.14995+4.35004)x430.0074
....\hbox(10.14995+4.35004)x430.0074, glue set 210.33672fil
.....\glue(\leftskip) 0.0 plus 1.0fil
.....\hbox(0.0+0.0)x0.0
.....\EU1/TimesNewRoman(0)/m/n/12 iv
.....\rule(10.14995+4.35004)x0.0
.....\penalty 10000
.....etc.
...\glue 0.0 plus 1.0fill
...\hbox(0.0+0.0)x0.0, glue set - 430.0074fil
....\glue 0.0 plus 1.0fil minus 1.0fil
....\vbox(0.0+0.0)x430.0074
.....\hbox(0.0+0.0)x430.0074, glue set 430.0074fil []

[4


]
\openout2 = `data/Nomenclature.aux'.

 (./data/Nomenclature.tex)
Overfull \hbox (4.0pt too wide) has occurred while \output is active
  []

\hbox(0.0+0.0)x430.0074, glue set - 1.0
.\glue 3.0 plus 1.5 minus 1.0
.\glue 3.0 plus 1.5 minus 1.0
.\vbox(0.0+0.0)x430.0074
..\hbox(0.0+0.0)x430.0074
...\hbox(0.0+0.0)x0.0, glue set - 430.0074fil
....\vbox(0.0+0.0)x430.0074
.....\hbox(0.0+0.0)x430.0074, glue set 215.00371fil []
....\glue 0.0 plus 1.0fil minus 1.0fil
...\glue 0.0 plus 1.0fill
...\vbox(0.0+0.0)x430.0074
....\hbox(0.0+0.0)x430.0074, glue set 215.00371fil
.....\glue(\leftskip) 0.0 plus 1.0fil
.....\hbox(0.0+0.0)x0.0
.....\penalty 10000
.....\glue(\parfillskip) 0.0
.....\glue(\rightskip) 0.0 plus 1.0fil
...\glue 0.0 plus 1.0fill
...\hbox(0.0+0.0)x0.0, glue set - 430.0074fil
....\glue 0.0 plus 1.0fil minus 1.0fil
....\vbox(0.0+0.0)x430.0074
.....\hbox(0.0+0.0)x430.0074, glue set 430.0074fil []
..\rule(0.0+0.0)x430.0074
..\glue 0.0


Overfull \hbox (4.0pt too wide) has occurred while \output is active
  []

\hbox(10.14995+4.35004)x430.0074, glue set - 1.0
.\glue 3.0 plus 1.5 minus 1.0
.\glue 3.0 plus 1.5 minus 1.0
.\vbox(10.14995+4.35004)x430.0074
..\glue -4.35004
..\glue 0.0
..\rule(0.0+0.0)x430.0074
..\glue 4.35004
..\hbox(10.14995+4.35004)x430.0074
...\hbox(0.0+0.0)x0.0, glue set - 430.0074fil
....\vbox(0.0+0.0)x430.0074
.....\hbox(0.0+0.0)x430.0074, glue set 215.00371fil []
....\glue 0.0 plus 1.0fil minus 1.0fil
...\glue 0.0 plus 1.0fill
...\vbox(10.14995+4.35004)x430.0074
....\hbox(10.14995+4.35004)x430.0074, glue set 212.00371fil
.....\glue(\leftskip) 0.0 plus 1.0fil
.....\hbox(0.0+0.0)x0.0
.....\EU1/TimesNewRoman(0)/m/n/12 v
.....\rule(10.14995+4.35004)x0.0
.....\penalty 10000
.....etc.
...\glue 0.0 plus 1.0fill
...\hbox(0.0+0.0)x0.0, glue set - 430.0074fil
....\glue 0.0 plus 1.0fil minus 1.0fil
....\vbox(0.0+0.0)x430.0074
.....\hbox(0.0+0.0)x430.0074, glue set 430.0074fil []

[5


] (./TAMUthesis_Template_OpenThisFileToCompile.toc [6

]
Underfull \hbox (badness 10000) in paragraph at lines 34--34
 []   

\hbox(0.0+0.0)x430.0074, glue set 264.6716
.\glue(\leftskip) 15.0
.\hbox(0.0+0.0)x15.0
.\penalty 10000
.\glue 3.0 plus 1.5 minus 1.0
.\penalty 10000
.etc.


Overfull \hbox (4.0pt too wide) has occurred while \output is active
  []

\hbox(0.0+0.0)x430.0074, glue set - 1.0
.\glue 3.0 plus 1.5 minus 1.0
.\glue 3.0 plus 1.5 minus 1.0
.\vbox(0.0+0.0)x430.0074
..\hbox(0.0+0.0)x430.0074
...\hbox(0.0+0.0)x0.0, glue set - 430.0074fil
....\vbox(0.0+0.0)x430.0074
.....\hbox(0.0+0.0)x430.0074, glue set 215.00371fil []
....\glue 0.0 plus 1.0fil minus 1.0fil
...\glue 0.0 plus 1.0fill
...\vbox(0.0+0.0)x430.0074
....\hbox(0.0+0.0)x430.0074, glue set 215.00371fil
.....\glue(\leftskip) 0.0 plus 1.0fil
.....\hbox(0.0+0.0)x0.0
.....\penalty 10000
.....\glue(\parfillskip) 0.0
.....\glue(\rightskip) 0.0 plus 1.0fil
...\glue 0.0 plus 1.0fill
...\hbox(0.0+0.0)x0.0, glue set - 430.0074fil
....\glue 0.0 plus 1.0fil minus 1.0fil
....\vbox(0.0+0.0)x430.0074
.....\hbox(0.0+0.0)x430.0074, glue set 430.0074fil []
..\rule(0.0+0.0)x430.0074
..\glue 0.0


Overfull \hbox (4.0pt too wide) has occurred while \output is active
  []

\hbox(10.14995+4.35004)x430.0074, glue set - 1.0
.\glue 3.0 plus 1.5 minus 1.0
.\glue 3.0 plus 1.5 minus 1.0
.\vbox(10.14995+4.35004)x430.0074
..\glue -4.35004
..\glue 0.0
..\rule(0.0+0.0)x430.0074
..\glue 4.35004
..\hbox(10.14995+4.35004)x430.0074
...\hbox(0.0+0.0)x0.0, glue set - 430.0074fil
....\vbox(0.0+0.0)x430.0074
.....\hbox(0.0+0.0)x430.0074, glue set 215.00371fil []
....\glue 0.0 plus 1.0fil minus 1.0fil
...\glue 0.0 plus 1.0fill
...\vbox(10.14995+4.35004)x430.0074
....\hbox(10.14995+4.35004)x430.0074, glue set 208.66972fil
.....\glue(\leftskip) 0.0 plus 1.0fil
.....\hbox(0.0+0.0)x0.0
.....\EU1/TimesNewRoman(0)/m/n/12 vii
.....\rule(10.14995+4.35004)x0.0
.....\penalty 10000
.....etc.
...\glue 0.0 plus 1.0fill
...\hbox(0.0+0.0)x0.0, glue set - 430.0074fil
....\glue 0.0 plus 1.0fil minus 1.0fil
....\vbox(0.0+0.0)x430.0074
.....\hbox(0.0+0.0)x430.0074, glue set 430.0074fil []

[7])
\tf@toc=\write4
\openout4 = `TAMUthesis_Template_OpenThisFileToCompile.toc'.


Overfull \hbox (4.0pt too wide) has occurred while \output is active
  []

\hbox(0.0+0.0)x430.0074, glue set - 1.0
.\glue 3.0 plus 1.5 minus 1.0
.\glue 3.0 plus 1.5 minus 1.0
.\vbox(0.0+0.0)x430.0074
..\hbox(0.0+0.0)x430.0074
...\hbox(0.0+0.0)x0.0, glue set - 430.0074fil
....\vbox(0.0+0.0)x430.0074
.....\hbox(0.0+0.0)x430.0074, glue set 215.00371fil []
....\glue 0.0 plus 1.0fil minus 1.0fil
...\glue 0.0 plus 1.0fill
...\vbox(0.0+0.0)x430.0074
....\hbox(0.0+0.0)x430.0074, glue set 215.00371fil
.....\glue(\leftskip) 0.0 plus 1.0fil
.....\hbox(0.0+0.0)x0.0
.....\penalty 10000
.....\glue(\parfillskip) 0.0
.....\glue(\rightskip) 0.0 plus 1.0fil
...\glue 0.0 plus 1.0fill
...\hbox(0.0+0.0)x0.0, glue set - 430.0074fil
....\glue 0.0 plus 1.0fil minus 1.0fil
....\vbox(0.0+0.0)x430.0074
.....\hbox(0.0+0.0)x430.0074, glue set 430.0074fil []
..\rule(0.0+0.0)x430.0074
..\glue 0.0


Overfull \hbox (4.0pt too wide) has occurred while \output is active
  []

\hbox(10.14995+4.35004)x430.0074, glue set - 1.0
.\glue 3.0 plus 1.5 minus 1.0
.\glue 3.0 plus 1.5 minus 1.0
.\vbox(10.14995+4.35004)x430.0074
..\glue -4.35004
..\glue 0.0
..\rule(0.0+0.0)x430.0074
..\glue 4.35004
..\hbox(10.14995+4.35004)x430.0074
...\hbox(0.0+0.0)x0.0, glue set - 430.0074fil
....\vbox(0.0+0.0)x430.0074
.....\hbox(0.0+0.0)x430.0074, glue set 215.00371fil []
....\glue 0.0 plus 1.0fil minus 1.0fil
...\glue 0.0 plus 1.0fill
...\vbox(10.14995+4.35004)x430.0074
....\hbox(10.14995+4.35004)x430.0074, glue set 207.00273fil
.....\glue(\leftskip) 0.0 plus 1.0fil
.....\hbox(0.0+0.0)x0.0
.....\EU1/TimesNewRoman(0)/m/n/12 viii
.....\rule(10.14995+4.35004)x0.0
.....\penalty 10000
.....etc.
...\glue 0.0 plus 1.0fill
...\hbox(0.0+0.0)x0.0, glue set - 430.0074fil
....\glue 0.0 plus 1.0fil minus 1.0fil
....\vbox(0.0+0.0)x430.0074
.....\hbox(0.0+0.0)x430.0074, glue set 430.0074fil []

[8] (./TAMUthesis_Template_OpenThisFileToCompile.lof)
\tf@lof=\write5
\openout5 = `TAMUthesis_Template_OpenThisFileToCompile.lof'.

 [9]
(./TAMUthesis_Template_OpenThisFileToCompile.lot)
\tf@lot=\write6
\openout6 = `TAMUthesis_Template_OpenThisFileToCompile.lot'.

 [10]
\openout2 = `data/chapterI.aux'.

 (./data/chapterI.tex
Chapter 1.
LaTeX Font Info:    Font shape `OT1/ptm/bx/n' in size <10> not available
(Font)              Font shape `OT1/ptm/b/n' tried instead on input line 7.
LaTeX Font Info:    Font shape `OT1/ptm/bx/n' in size <7.4> not available
(Font)              Font shape `OT1/ptm/b/n' tried instead on input line 7.
LaTeX Font Info:    Font shape `OT1/ptm/bx/n' in size <6> not available
(Font)              Font shape `OT1/ptm/b/n' tried instead on input line 7.
[1



]
File: graphic/TAMUthesis_AddChapter.png Graphic file (type QTm)
 <use  "graphic/TAMUthesis_AddChapter.png" >
Overfull \hbox (4.0pt too wide) has occurred while \output is active
  []

\hbox(0.0+0.0)x430.0074, glue set - 1.0
.\glue 3.0 plus 1.5 minus 1.0
.\glue 3.0 plus 1.5 minus 1.0
.\vbox(0.0+0.0)x430.0074
..\hbox(0.0+0.0)x430.0074
...\hbox(0.0+0.0)x0.0, glue set - 430.0074fil
....\vbox(0.0+0.0)x430.0074
.....\hbox(0.0+0.0)x430.0074, glue set 215.00371fil []
....\glue 0.0 plus 1.0fil minus 1.0fil
...\glue 0.0 plus 1.0fill
...\vbox(0.0+0.0)x430.0074
....\hbox(0.0+0.0)x430.0074, glue set 215.00371fil
.....\glue(\leftskip) 0.0 plus 1.0fil
.....\hbox(0.0+0.0)x0.0
.....\penalty 10000
.....\glue(\parfillskip) 0.0
.....\glue(\rightskip) 0.0 plus 1.0fil
...\glue 0.0 plus 1.0fill
...\hbox(0.0+0.0)x0.0, glue set - 430.0074fil
....\glue 0.0 plus 1.0fil minus 1.0fil
....\vbox(0.0+0.0)x430.0074
.....\hbox(0.0+0.0)x430.0074, glue set 430.0074fil []
..\rule(0.0+0.0)x430.0074
..\glue 0.0


Overfull \hbox (4.0pt too wide) has occurred while \output is active
  []

\hbox(10.14995+4.35004)x430.0074, glue set - 1.0
.\glue 3.0 plus 1.5 minus 1.0
.\glue 3.0 plus 1.5 minus 1.0
.\vbox(10.14995+4.35004)x430.0074
..\glue -4.35004
..\glue 0.0
..\rule(0.0+0.0)x430.0074
..\glue 4.35004
..\hbox(10.14995+4.35004)x430.0074
...\hbox(0.0+0.0)x0.0, glue set - 430.0074fil
....\vbox(0.0+0.0)x430.0074
.....\hbox(0.0+0.0)x430.0074, glue set 215.00371fil []
....\glue 0.0 plus 1.0fil minus 1.0fil
...\glue 0.0 plus 1.0fill
...\vbox(10.14995+4.35004)x430.0074
....\hbox(10.14995+4.35004)x430.0074, glue set 212.00371fil
.....\glue(\leftskip) 0.0 plus 1.0fil
.....\hbox(0.0+0.0)x0.0
.....\EU1/TimesNewRoman(0)/m/n/12 2
.....\rule(10.14995+4.35004)x0.0
.....\penalty 10000
.....etc.
...\glue 0.0 plus 1.0fill
...\hbox(0.0+0.0)x0.0, glue set - 430.0074fil
....\glue 0.0 plus 1.0fil minus 1.0fil
....\vbox(0.0+0.0)x430.0074
.....\hbox(0.0+0.0)x430.0074, glue set 430.0074fil []

[2]
Overfull \hbox (4.0pt too wide) has occurred while \output is active
  []

\hbox(0.0+0.0)x430.0074, glue set - 1.0
.\glue 3.0 plus 1.5 minus 1.0
.\glue 3.0 plus 1.5 minus 1.0
.\vbox(0.0+0.0)x430.0074
..\hbox(0.0+0.0)x430.0074
...\hbox(0.0+0.0)x0.0, glue set - 430.0074fil
....\vbox(0.0+0.0)x430.0074
.....\hbox(0.0+0.0)x430.0074, glue set 215.00371fil []
....\glue 0.0 plus 1.0fil minus 1.0fil
...\glue 0.0 plus 1.0fill
...\vbox(0.0+0.0)x430.0074
....\hbox(0.0+0.0)x430.0074, glue set 215.00371fil
.....\glue(\leftskip) 0.0 plus 1.0fil
.....\hbox(0.0+0.0)x0.0
.....\penalty 10000
.....\glue(\parfillskip) 0.0
.....\glue(\rightskip) 0.0 plus 1.0fil
...\glue 0.0 plus 1.0fill
...\hbox(0.0+0.0)x0.0, glue set - 430.0074fil
....\glue 0.0 plus 1.0fil minus 1.0fil
....\vbox(0.0+0.0)x430.0074
.....\hbox(0.0+0.0)x430.0074, glue set 430.0074fil []
..\rule(0.0+0.0)x430.0074
..\glue 0.0


Overfull \hbox (4.0pt too wide) has occurred while \output is active
  []

\hbox(10.14995+4.35004)x430.0074, glue set - 1.0
.\glue 3.0 plus 1.5 minus 1.0
.\glue 3.0 plus 1.5 minus 1.0
.\vbox(10.14995+4.35004)x430.0074
..\glue -4.35004
..\glue 0.0
..\rule(0.0+0.0)x430.0074
..\glue 4.35004
..\hbox(10.14995+4.35004)x430.0074
...\hbox(0.0+0.0)x0.0, glue set - 430.0074fil
....\vbox(0.0+0.0)x430.0074
.....\hbox(0.0+0.0)x430.0074, glue set 215.00371fil []
....\glue 0.0 plus 1.0fil minus 1.0fil
...\glue 0.0 plus 1.0fill
...\vbox(10.14995+4.35004)x430.0074
....\hbox(10.14995+4.35004)x430.0074, glue set 212.00371fil
.....\glue(\leftskip) 0.0 plus 1.0fil
.....\hbox(0.0+0.0)x0.0
.....\EU1/TimesNewRoman(0)/m/n/12 3
.....\rule(10.14995+4.35004)x0.0
.....\penalty 10000
.....etc.
...\glue 0.0 plus 1.0fill
...\hbox(0.0+0.0)x0.0, glue set - 430.0074fil
....\glue 0.0 plus 1.0fil minus 1.0fil
....\vbox(0.0+0.0)x430.0074
.....\hbox(0.0+0.0)x430.0074, glue set 430.0074fil []

[3])
Overfull \hbox (4.0pt too wide) has occurred while \output is active
  []

\hbox(0.0+0.0)x430.0074, glue set - 1.0
.\glue 3.0 plus 1.5 minus 1.0
.\glue 3.0 plus 1.5 minus 1.0
.\vbox(0.0+0.0)x430.0074
..\hbox(0.0+0.0)x430.0074
...\hbox(0.0+0.0)x0.0, glue set - 430.0074fil
....\vbox(0.0+0.0)x430.0074
.....\hbox(0.0+0.0)x430.0074, glue set 215.00371fil []
....\glue 0.0 plus 1.0fil minus 1.0fil
...\glue 0.0 plus 1.0fill
...\vbox(0.0+0.0)x430.0074
....\hbox(0.0+0.0)x430.0074, glue set 215.00371fil
.....\glue(\leftskip) 0.0 plus 1.0fil
.....\hbox(0.0+0.0)x0.0
.....\penalty 10000
.....\glue(\parfillskip) 0.0
.....\glue(\rightskip) 0.0 plus 1.0fil
...\glue 0.0 plus 1.0fill
...\hbox(0.0+0.0)x0.0, glue set - 430.0074fil
....\glue 0.0 plus 1.0fil minus 1.0fil
....\vbox(0.0+0.0)x430.0074
.....\hbox(0.0+0.0)x430.0074, glue set 430.0074fil []
..\rule(0.0+0.0)x430.0074
..\glue 0.0


Overfull \hbox (4.0pt too wide) has occurred while \output is active
  []

\hbox(10.14995+4.35004)x430.0074, glue set - 1.0
.\glue 3.0 plus 1.5 minus 1.0
.\glue 3.0 plus 1.5 minus 1.0
.\vbox(10.14995+4.35004)x430.0074
..\glue -4.35004
..\glue 0.0
..\rule(0.0+0.0)x430.0074
..\glue 4.35004
..\hbox(10.14995+4.35004)x430.0074
...\hbox(0.0+0.0)x0.0, glue set - 430.0074fil
....\vbox(0.0+0.0)x430.0074
.....\hbox(0.0+0.0)x430.0074, glue set 215.00371fil []
....\glue 0.0 plus 1.0fil minus 1.0fil
...\glue 0.0 plus 1.0fill
...\vbox(10.14995+4.35004)x430.0074
....\hbox(10.14995+4.35004)x430.0074, glue set 212.00371fil
.....\glue(\leftskip) 0.0 plus 1.0fil
.....\hbox(0.0+0.0)x0.0
.....\EU1/TimesNewRoman(0)/m/n/12 4
.....\rule(10.14995+4.35004)x0.0
.....\penalty 10000
.....etc.
...\glue 0.0 plus 1.0fill
...\hbox(0.0+0.0)x0.0, glue set - 430.0074fil
....\glue 0.0 plus 1.0fil minus 1.0fil
....\vbox(0.0+0.0)x430.0074
.....\hbox(0.0+0.0)x430.0074, glue set 430.0074fil []

[4]
\openout2 = `data/chapterII.aux'.

 (./data/chapterII.tex
Chapter 2.
File: graphic/TAMUthesis_CMD_windows.png Graphic file (type QTm)
<use  "graphic/TAMUthesis_CMD_windows.png" > [5



]
File: graphic/TAMUthesis_CMD_windows_compile.png Graphic file (type QTm)

<use  "graphic/TAMUthesis_CMD_windows_compile.png" >
Overfull \hbox (4.0pt too wide) has occurred while \output is active
  []

\hbox(0.0+0.0)x430.0074, glue set - 1.0
.\glue 3.0 plus 1.5 minus 1.0
.\glue 3.0 plus 1.5 minus 1.0
.\vbox(0.0+0.0)x430.0074
..\hbox(0.0+0.0)x430.0074
...\hbox(0.0+0.0)x0.0, glue set - 430.0074fil
....\vbox(0.0+0.0)x430.0074
.....\hbox(0.0+0.0)x430.0074, glue set 215.00371fil []
....\glue 0.0 plus 1.0fil minus 1.0fil
...\glue 0.0 plus 1.0fill
...\vbox(0.0+0.0)x430.0074
....\hbox(0.0+0.0)x430.0074, glue set 215.00371fil
.....\glue(\leftskip) 0.0 plus 1.0fil
.....\hbox(0.0+0.0)x0.0
.....\penalty 10000
.....\glue(\parfillskip) 0.0
.....\glue(\rightskip) 0.0 plus 1.0fil
...\glue 0.0 plus 1.0fill
...\hbox(0.0+0.0)x0.0, glue set - 430.0074fil
....\glue 0.0 plus 1.0fil minus 1.0fil
....\vbox(0.0+0.0)x430.0074
.....\hbox(0.0+0.0)x430.0074, glue set 430.0074fil []
..\rule(0.0+0.0)x430.0074
..\glue 0.0


Overfull \hbox (4.0pt too wide) has occurred while \output is active
  []

\hbox(10.14995+4.35004)x430.0074, glue set - 1.0
.\glue 3.0 plus 1.5 minus 1.0
.\glue 3.0 plus 1.5 minus 1.0
.\vbox(10.14995+4.35004)x430.0074
..\glue -4.35004
..\glue 0.0
..\rule(0.0+0.0)x430.0074
..\glue 4.35004
..\hbox(10.14995+4.35004)x430.0074
...\hbox(0.0+0.0)x0.0, glue set - 430.0074fil
....\vbox(0.0+0.0)x430.0074
.....\hbox(0.0+0.0)x430.0074, glue set 215.00371fil []
....\glue 0.0 plus 1.0fil minus 1.0fil
...\glue 0.0 plus 1.0fill
...\vbox(10.14995+4.35004)x430.0074
....\hbox(10.14995+4.35004)x430.0074, glue set 212.00371fil
.....\glue(\leftskip) 0.0 plus 1.0fil
.....\hbox(0.0+0.0)x0.0
.....\EU1/TimesNewRoman(0)/m/n/12 6
.....\rule(10.14995+4.35004)x0.0
.....\penalty 10000
.....etc.
...\glue 0.0 plus 1.0fill
...\hbox(0.0+0.0)x0.0, glue set - 430.0074fil
....\glue 0.0 plus 1.0fil minus 1.0fil
....\vbox(0.0+0.0)x430.0074
.....\hbox(0.0+0.0)x430.0074, glue set 430.0074fil []

[6]
File: graphic/TAMUthesis_CMD_windows_compile2.png Graphic file (type QTm)
 <use  "graphic/TAMUthesis_CMD_windows_compile2.png" >
Overfull \hbox (4.0pt too wide) has occurred while \output is active
  []

\hbox(0.0+0.0)x430.0074, glue set - 1.0
.\glue 3.0 plus 1.5 minus 1.0
.\glue 3.0 plus 1.5 minus 1.0
.\vbox(0.0+0.0)x430.0074
..\hbox(0.0+0.0)x430.0074
...\hbox(0.0+0.0)x0.0, glue set - 430.0074fil
....\vbox(0.0+0.0)x430.0074
.....\hbox(0.0+0.0)x430.0074, glue set 215.00371fil []
....\glue 0.0 plus 1.0fil minus 1.0fil
...\glue 0.0 plus 1.0fill
...\vbox(0.0+0.0)x430.0074
....\hbox(0.0+0.0)x430.0074, glue set 215.00371fil
.....\glue(\leftskip) 0.0 plus 1.0fil
.....\hbox(0.0+0.0)x0.0
.....\penalty 10000
.....\glue(\parfillskip) 0.0
.....\glue(\rightskip) 0.0 plus 1.0fil
...\glue 0.0 plus 1.0fill
...\hbox(0.0+0.0)x0.0, glue set - 430.0074fil
....\glue 0.0 plus 1.0fil minus 1.0fil
....\vbox(0.0+0.0)x430.0074
.....\hbox(0.0+0.0)x430.0074, glue set 430.0074fil []
..\rule(0.0+0.0)x430.0074
..\glue 0.0


Overfull \hbox (4.0pt too wide) has occurred while \output is active
  []

\hbox(10.14995+4.35004)x430.0074, glue set - 1.0
.\glue 3.0 plus 1.5 minus 1.0
.\glue 3.0 plus 1.5 minus 1.0
.\vbox(10.14995+4.35004)x430.0074
..\glue -4.35004
..\glue 0.0
..\rule(0.0+0.0)x430.0074
..\glue 4.35004
..\hbox(10.14995+4.35004)x430.0074
...\hbox(0.0+0.0)x0.0, glue set - 430.0074fil
....\vbox(0.0+0.0)x430.0074
.....\hbox(0.0+0.0)x430.0074, glue set 215.00371fil []
....\glue 0.0 plus 1.0fil minus 1.0fil
...\glue 0.0 plus 1.0fill
...\vbox(10.14995+4.35004)x430.0074
....\hbox(10.14995+4.35004)x430.0074, glue set 212.00371fil
.....\glue(\leftskip) 0.0 plus 1.0fil
.....\hbox(0.0+0.0)x0.0
.....\EU1/TimesNewRoman(0)/m/n/12 7
.....\rule(10.14995+4.35004)x0.0
.....\penalty 10000
.....etc.
...\glue 0.0 plus 1.0fill
...\hbox(0.0+0.0)x0.0, glue set - 430.0074fil
....\glue 0.0 plus 1.0fil minus 1.0fil
....\vbox(0.0+0.0)x430.0074
.....\hbox(0.0+0.0)x430.0074, glue set 430.0074fil []

[7

]
Overfull \hbox (4.0pt too wide) has occurred while \output is active
  []

\hbox(0.0+0.0)x430.0074, glue set - 1.0
.\glue 3.0 plus 1.5 minus 1.0
.\glue 3.0 plus 1.5 minus 1.0
.\vbox(0.0+0.0)x430.0074
..\hbox(0.0+0.0)x430.0074
...\hbox(0.0+0.0)x0.0, glue set - 430.0074fil
....\vbox(0.0+0.0)x430.0074
.....\hbox(0.0+0.0)x430.0074, glue set 215.00371fil []
....\glue 0.0 plus 1.0fil minus 1.0fil
...\glue 0.0 plus 1.0fill
...\vbox(0.0+0.0)x430.0074
....\hbox(0.0+0.0)x430.0074, glue set 215.00371fil
.....\glue(\leftskip) 0.0 plus 1.0fil
.....\hbox(0.0+0.0)x0.0
.....\penalty 10000
.....\glue(\parfillskip) 0.0
.....\glue(\rightskip) 0.0 plus 1.0fil
...\glue 0.0 plus 1.0fill
...\hbox(0.0+0.0)x0.0, glue set - 430.0074fil
....\glue 0.0 plus 1.0fil minus 1.0fil
....\vbox(0.0+0.0)x430.0074
.....\hbox(0.0+0.0)x430.0074, glue set 430.0074fil []
..\rule(0.0+0.0)x430.0074
..\glue 0.0


Overfull \hbox (4.0pt too wide) has occurred while \output is active
  []

\hbox(10.14995+4.35004)x430.0074, glue set - 1.0
.\glue 3.0 plus 1.5 minus 1.0
.\glue 3.0 plus 1.5 minus 1.0
.\vbox(10.14995+4.35004)x430.0074
..\glue -4.35004
..\glue 0.0
..\rule(0.0+0.0)x430.0074
..\glue 4.35004
..\hbox(10.14995+4.35004)x430.0074
...\hbox(0.0+0.0)x0.0, glue set - 430.0074fil
....\vbox(0.0+0.0)x430.0074
.....\hbox(0.0+0.0)x430.0074, glue set 215.00371fil []
....\glue 0.0 plus 1.0fil minus 1.0fil
...\glue 0.0 plus 1.0fill
...\vbox(10.14995+4.35004)x430.0074
....\hbox(10.14995+4.35004)x430.0074, glue set 212.00371fil
.....\glue(\leftskip) 0.0 plus 1.0fil
.....\hbox(0.0+0.0)x0.0
.....\EU1/TimesNewRoman(0)/m/n/12 8
.....\rule(10.14995+4.35004)x0.0
.....\penalty 10000
.....etc.
...\glue 0.0 plus 1.0fill
...\hbox(0.0+0.0)x0.0, glue set - 430.0074fil
....\glue 0.0 plus 1.0fil minus 1.0fil
....\vbox(0.0+0.0)x430.0074
.....\hbox(0.0+0.0)x430.0074, glue set 430.0074fil []

[8

]
Overfull \hbox (4.0pt too wide) has occurred while \output is active
  []

\hbox(0.0+0.0)x430.0074, glue set - 1.0
.\glue 3.0 plus 1.5 minus 1.0
.\glue 3.0 plus 1.5 minus 1.0
.\vbox(0.0+0.0)x430.0074
..\hbox(0.0+0.0)x430.0074
...\hbox(0.0+0.0)x0.0, glue set - 430.0074fil
....\vbox(0.0+0.0)x430.0074
.....\hbox(0.0+0.0)x430.0074, glue set 215.00371fil []
....\glue 0.0 plus 1.0fil minus 1.0fil
...\glue 0.0 plus 1.0fill
...\vbox(0.0+0.0)x430.0074
....\hbox(0.0+0.0)x430.0074, glue set 215.00371fil
.....\glue(\leftskip) 0.0 plus 1.0fil
.....\hbox(0.0+0.0)x0.0
.....\penalty 10000
.....\glue(\parfillskip) 0.0
.....\glue(\rightskip) 0.0 plus 1.0fil
...\glue 0.0 plus 1.0fill
...\hbox(0.0+0.0)x0.0, glue set - 430.0074fil
....\glue 0.0 plus 1.0fil minus 1.0fil
....\vbox(0.0+0.0)x430.0074
.....\hbox(0.0+0.0)x430.0074, glue set 430.0074fil []
..\rule(0.0+0.0)x430.0074
..\glue 0.0


Overfull \hbox (4.0pt too wide) has occurred while \output is active
  []

\hbox(10.14995+4.35004)x430.0074, glue set - 1.0
.\glue 3.0 plus 1.5 minus 1.0
.\glue 3.0 plus 1.5 minus 1.0
.\vbox(10.14995+4.35004)x430.0074
..\glue -4.35004
..\glue 0.0
..\rule(0.0+0.0)x430.0074
..\glue 4.35004
..\hbox(10.14995+4.35004)x430.0074
...\hbox(0.0+0.0)x0.0, glue set - 430.0074fil
....\vbox(0.0+0.0)x430.0074
.....\hbox(0.0+0.0)x430.0074, glue set 215.00371fil []
....\glue 0.0 plus 1.0fil minus 1.0fil
...\glue 0.0 plus 1.0fill
...\vbox(10.14995+4.35004)x430.0074
....\hbox(10.14995+4.35004)x430.0074, glue set 212.00371fil
.....\glue(\leftskip) 0.0 plus 1.0fil
.....\hbox(0.0+0.0)x0.0
.....\EU1/TimesNewRoman(0)/m/n/12 9
.....\rule(10.14995+4.35004)x0.0
.....\penalty 10000
.....etc.
...\glue 0.0 plus 1.0fill
...\hbox(0.0+0.0)x0.0, glue set - 430.0074fil
....\glue 0.0 plus 1.0fil minus 1.0fil
....\vbox(0.0+0.0)x430.0074
.....\hbox(0.0+0.0)x430.0074, glue set 430.0074fil []

[9])
Overfull \hbox (4.0pt too wide) has occurred while \output is active
  []

\hbox(0.0+0.0)x430.0074, glue set - 1.0
.\glue 3.0 plus 1.5 minus 1.0
.\glue 3.0 plus 1.5 minus 1.0
.\vbox(0.0+0.0)x430.0074
..\hbox(0.0+0.0)x430.0074
...\hbox(0.0+0.0)x0.0, glue set - 430.0074fil
....\vbox(0.0+0.0)x430.0074
.....\hbox(0.0+0.0)x430.0074, glue set 215.00371fil []
....\glue 0.0 plus 1.0fil minus 1.0fil
...\glue 0.0 plus 1.0fill
...\vbox(0.0+0.0)x430.0074
....\hbox(0.0+0.0)x430.0074, glue set 215.00371fil
.....\glue(\leftskip) 0.0 plus 1.0fil
.....\hbox(0.0+0.0)x0.0
.....\penalty 10000
.....\glue(\parfillskip) 0.0
.....\glue(\rightskip) 0.0 plus 1.0fil
...\glue 0.0 plus 1.0fill
...\hbox(0.0+0.0)x0.0, glue set - 430.0074fil
....\glue 0.0 plus 1.0fil minus 1.0fil
....\vbox(0.0+0.0)x430.0074
.....\hbox(0.0+0.0)x430.0074, glue set 430.0074fil []
..\rule(0.0+0.0)x430.0074
..\glue 0.0


Overfull \hbox (4.0pt too wide) has occurred while \output is active
  []

\hbox(10.14995+4.35004)x430.0074, glue set - 1.0
.\glue 3.0 plus 1.5 minus 1.0
.\glue 3.0 plus 1.5 minus 1.0
.\vbox(10.14995+4.35004)x430.0074
..\glue -4.35004
..\glue 0.0
..\rule(0.0+0.0)x430.0074
..\glue 4.35004
..\hbox(10.14995+4.35004)x430.0074
...\hbox(0.0+0.0)x0.0, glue set - 430.0074fil
....\vbox(0.0+0.0)x430.0074
.....\hbox(0.0+0.0)x430.0074, glue set 215.00371fil []
....\glue 0.0 plus 1.0fil minus 1.0fil
...\glue 0.0 plus 1.0fill
...\vbox(10.14995+4.35004)x430.0074
....\hbox(10.14995+4.35004)x430.0074, glue set 209.00371fil
.....\glue(\leftskip) 0.0 plus 1.0fil
.....\hbox(0.0+0.0)x0.0
.....\EU1/TimesNewRoman(0)/m/n/12 10
.....\rule(10.14995+4.35004)x0.0
.....\penalty 10000
.....etc.
...\glue 0.0 plus 1.0fill
...\hbox(0.0+0.0)x0.0, glue set - 430.0074fil
....\glue 0.0 plus 1.0fil minus 1.0fil
....\vbox(0.0+0.0)x430.0074
.....\hbox(0.0+0.0)x430.0074, glue set 430.0074fil []

[10]
\openout2 = `data/chapterIII.aux'.

 (./data/chapterIII.tex
Chapter 3.
[11



]
LaTeX Font Info:    Try loading font information for EU1+lmtt on input line 34.

 (/usr/local/texlive/2015/texmf-dist/tex/latex/euenc/eu1lmtt.fd
File: eu1lmtt.fd 2009/10/30 v1.6 Font defs for Latin Modern
)
(/usr/local/texlive/2015/texmf-dist/tex/latex/listings/lstlang1.sty
File: lstlang1.sty 2014/09/06 1.5e listings language file
)
(/usr/local/texlive/2015/texmf-dist/tex/latex/listings/lstlang2.sty
File: lstlang2.sty 2014/09/06 1.5e listings language file
)
(/usr/local/texlive/2015/texmf-dist/tex/latex/listings/lstlang3.sty
File: lstlang3.sty 2014/09/06 1.5e listings language file
)
LaTeX Font Info:    Font shape `EU1/lmtt/bx/n' in size <12> not available
(Font)              Font shape `EU1/lmtt/b/n' tried instead on input line 58.

Overfull \hbox (4.0pt too wide) has occurred while \output is active
  []

\hbox(0.0+0.0)x430.0074, glue set - 1.0
.\glue 3.0 plus 1.5 minus 1.0
.\glue 3.0 plus 1.5 minus 1.0
.\vbox(0.0+0.0)x430.0074
..\hbox(0.0+0.0)x430.0074
...\hbox(0.0+0.0)x0.0, glue set - 430.0074fil
....\vbox(0.0+0.0)x430.0074
.....\hbox(0.0+0.0)x430.0074, glue set 215.00371fil []
....\glue 0.0 plus 1.0fil minus 1.0fil
...\glue 0.0 plus 1.0fill
...\vbox(0.0+0.0)x430.0074
....\hbox(0.0+0.0)x430.0074, glue set 215.00371fil
.....\glue(\leftskip) 0.0 plus 1.0fil
.....\hbox(0.0+0.0)x0.0
.....\penalty 10000
.....\glue(\parfillskip) 0.0
.....\glue(\rightskip) 0.0 plus 1.0fil
...\glue 0.0 plus 1.0fill
...\hbox(0.0+0.0)x0.0, glue set - 430.0074fil
....\glue 0.0 plus 1.0fil minus 1.0fil
....\vbox(0.0+0.0)x430.0074
.....\hbox(0.0+0.0)x430.0074, glue set 430.0074fil []
..\rule(0.0+0.0)x430.0074
..\glue 0.0


Overfull \hbox (4.0pt too wide) has occurred while \output is active
  []

\hbox(10.14995+4.35004)x430.0074, glue set - 1.0
.\glue 3.0 plus 1.5 minus 1.0
.\glue 3.0 plus 1.5 minus 1.0
.\vbox(10.14995+4.35004)x430.0074
..\glue -4.35004
..\glue 0.0
..\rule(0.0+0.0)x430.0074
..\glue 4.35004
..\hbox(10.14995+4.35004)x430.0074
...\hbox(0.0+0.0)x0.0, glue set - 430.0074fil
....\vbox(0.0+0.0)x430.0074
.....\hbox(0.0+0.0)x430.0074, glue set 215.00371fil []
....\glue 0.0 plus 1.0fil minus 1.0fil
...\glue 0.0 plus 1.0fill
...\vbox(10.14995+4.35004)x430.0074
....\hbox(10.14995+4.35004)x430.0074, glue set 209.00371fil
.....\glue(\leftskip) 0.0 plus 1.0fil
.....\hbox(0.0+0.0)x0.0
.....\EU1/TimesNewRoman(0)/m/n/12 12
.....\rule(10.14995+4.35004)x0.0
.....\penalty 10000
.....etc.
...\glue 0.0 plus 1.0fill
...\hbox(0.0+0.0)x0.0, glue set - 430.0074fil
....\glue 0.0 plus 1.0fil minus 1.0fil
....\vbox(0.0+0.0)x430.0074
.....\hbox(0.0+0.0)x430.0074, glue set 430.0074fil []

[12]
Overfull \hbox (4.0pt too wide) has occurred while \output is active
  []

\hbox(0.0+0.0)x430.0074, glue set - 1.0
.\glue 3.0 plus 1.5 minus 1.0
.\glue 3.0 plus 1.5 minus 1.0
.\vbox(0.0+0.0)x430.0074
..\hbox(0.0+0.0)x430.0074
...\hbox(0.0+0.0)x0.0, glue set - 430.0074fil
....\vbox(0.0+0.0)x430.0074
.....\hbox(0.0+0.0)x430.0074, glue set 215.00371fil []
....\glue 0.0 plus 1.0fil minus 1.0fil
...\glue 0.0 plus 1.0fill
...\vbox(0.0+0.0)x430.0074
....\hbox(0.0+0.0)x430.0074, glue set 215.00371fil
.....\glue(\leftskip) 0.0 plus 1.0fil
.....\hbox(0.0+0.0)x0.0
.....\penalty 10000
.....\glue(\parfillskip) 0.0
.....\glue(\rightskip) 0.0 plus 1.0fil
...\glue 0.0 plus 1.0fill
...\hbox(0.0+0.0)x0.0, glue set - 430.0074fil
....\glue 0.0 plus 1.0fil minus 1.0fil
....\vbox(0.0+0.0)x430.0074
.....\hbox(0.0+0.0)x430.0074, glue set 430.0074fil []
..\rule(0.0+0.0)x430.0074
..\glue 0.0


Overfull \hbox (4.0pt too wide) has occurred while \output is active
  []

\hbox(10.14995+4.35004)x430.0074, glue set - 1.0
.\glue 3.0 plus 1.5 minus 1.0
.\glue 3.0 plus 1.5 minus 1.0
.\vbox(10.14995+4.35004)x430.0074
..\glue -4.35004
..\glue 0.0
..\rule(0.0+0.0)x430.0074
..\glue 4.35004
..\hbox(10.14995+4.35004)x430.0074
...\hbox(0.0+0.0)x0.0, glue set - 430.0074fil
....\vbox(0.0+0.0)x430.0074
.....\hbox(0.0+0.0)x430.0074, glue set 215.00371fil []
....\glue 0.0 plus 1.0fil minus 1.0fil
...\glue 0.0 plus 1.0fill
...\vbox(10.14995+4.35004)x430.0074
....\hbox(10.14995+4.35004)x430.0074, glue set 209.00371fil
.....\glue(\leftskip) 0.0 plus 1.0fil
.....\hbox(0.0+0.0)x0.0
.....\EU1/TimesNewRoman(0)/m/n/12 13
.....\rule(10.14995+4.35004)x0.0
.....\penalty 10000
.....etc.
...\glue 0.0 plus 1.0fill
...\hbox(0.0+0.0)x0.0, glue set - 430.0074fil
....\glue 0.0 plus 1.0fil minus 1.0fil
....\vbox(0.0+0.0)x430.0074
.....\hbox(0.0+0.0)x430.0074, glue set 430.0074fil []

[13])
Overfull \hbox (4.0pt too wide) has occurred while \output is active
  []

\hbox(0.0+0.0)x430.0074, glue set - 1.0
.\glue 3.0 plus 1.5 minus 1.0
.\glue 3.0 plus 1.5 minus 1.0
.\vbox(0.0+0.0)x430.0074
..\hbox(0.0+0.0)x430.0074
...\hbox(0.0+0.0)x0.0, glue set - 430.0074fil
....\vbox(0.0+0.0)x430.0074
.....\hbox(0.0+0.0)x430.0074, glue set 215.00371fil []
....\glue 0.0 plus 1.0fil minus 1.0fil
...\glue 0.0 plus 1.0fill
...\vbox(0.0+0.0)x430.0074
....\hbox(0.0+0.0)x430.0074, glue set 215.00371fil
.....\glue(\leftskip) 0.0 plus 1.0fil
.....\hbox(0.0+0.0)x0.0
.....\penalty 10000
.....\glue(\parfillskip) 0.0
.....\glue(\rightskip) 0.0 plus 1.0fil
...\glue 0.0 plus 1.0fill
...\hbox(0.0+0.0)x0.0, glue set - 430.0074fil
....\glue 0.0 plus 1.0fil minus 1.0fil
....\vbox(0.0+0.0)x430.0074
.....\hbox(0.0+0.0)x430.0074, glue set 430.0074fil []
..\rule(0.0+0.0)x430.0074
..\glue 0.0


Overfull \hbox (4.0pt too wide) has occurred while \output is active
  []

\hbox(10.14995+4.35004)x430.0074, glue set - 1.0
.\glue 3.0 plus 1.5 minus 1.0
.\glue 3.0 plus 1.5 minus 1.0
.\vbox(10.14995+4.35004)x430.0074
..\glue -4.35004
..\glue 0.0
..\rule(0.0+0.0)x430.0074
..\glue 4.35004
..\hbox(10.14995+4.35004)x430.0074
...\hbox(0.0+0.0)x0.0, glue set - 430.0074fil
....\vbox(0.0+0.0)x430.0074
.....\hbox(0.0+0.0)x430.0074, glue set 215.00371fil []
....\glue 0.0 plus 1.0fil minus 1.0fil
...\glue 0.0 plus 1.0fill
...\vbox(10.14995+4.35004)x430.0074
....\hbox(10.14995+4.35004)x430.0074, glue set 209.00371fil
.....\glue(\leftskip) 0.0 plus 1.0fil
.....\hbox(0.0+0.0)x0.0
.....\EU1/TimesNewRoman(0)/m/n/12 14
.....\rule(10.14995+4.35004)x0.0
.....\penalty 10000
.....etc.
...\glue 0.0 plus 1.0fill
...\hbox(0.0+0.0)x0.0, glue set - 430.0074fil
....\glue 0.0 plus 1.0fil minus 1.0fil
....\vbox(0.0+0.0)x430.0074
.....\hbox(0.0+0.0)x430.0074, glue set 430.0074fil []

[14]
\openout2 = `data/chapterIV.aux'.

 (./data/chapterIV.tex
Chapter 4.
) [15



] (./TAMUthesis_Template_OpenThisFileToCompile.bbl) [16


]
\openout2 = `data/Appendix.aux'.


(./data/Appendix.tex
APPENDIX A.
[17


]
Overfull \hbox (4.0pt too wide) has occurred while \output is active
  []

\hbox(0.0+0.0)x430.0074, glue set - 1.0
.\glue 3.0 plus 1.5 minus 1.0
.\glue 3.0 plus 1.5 minus 1.0
.\vbox(0.0+0.0)x430.0074
..\hbox(0.0+0.0)x430.0074
...\hbox(0.0+0.0)x0.0, glue set - 430.0074fil
....\vbox(0.0+0.0)x430.0074
.....\hbox(0.0+0.0)x430.0074, glue set 215.00371fil []
....\glue 0.0 plus 1.0fil minus 1.0fil
...\glue 0.0 plus 1.0fill
...\vbox(0.0+0.0)x430.0074
....\hbox(0.0+0.0)x430.0074, glue set 215.00371fil
.....\glue(\leftskip) 0.0 plus 1.0fil
.....\hbox(0.0+0.0)x0.0
.....\penalty 10000
.....\glue(\parfillskip) 0.0
.....\glue(\rightskip) 0.0 plus 1.0fil
...\glue 0.0 plus 1.0fill
...\hbox(0.0+0.0)x0.0, glue set - 430.0074fil
....\glue 0.0 plus 1.0fil minus 1.0fil
....\vbox(0.0+0.0)x430.0074
.....\hbox(0.0+0.0)x430.0074, glue set 430.0074fil []
..\rule(0.0+0.0)x430.0074
..\glue 0.0


Overfull \hbox (4.0pt too wide) has occurred while \output is active
  []

\hbox(10.14995+4.35004)x430.0074, glue set - 1.0
.\glue 3.0 plus 1.5 minus 1.0
.\glue 3.0 plus 1.5 minus 1.0
.\vbox(10.14995+4.35004)x430.0074
..\glue -4.35004
..\glue 0.0
..\rule(0.0+0.0)x430.0074
..\glue 4.35004
..\hbox(10.14995+4.35004)x430.0074
...\hbox(0.0+0.0)x0.0, glue set - 430.0074fil
....\vbox(0.0+0.0)x430.0074
.....\hbox(0.0+0.0)x430.0074, glue set 215.00371fil []
....\glue 0.0 plus 1.0fil minus 1.0fil
...\glue 0.0 plus 1.0fill
...\vbox(10.14995+4.35004)x430.0074
....\hbox(10.14995+4.35004)x430.0074, glue set 209.00371fil
.....\glue(\leftskip) 0.0 plus 1.0fil
.....\hbox(0.0+0.0)x0.0
.....\EU1/TimesNewRoman(0)/m/n/12 18
.....\rule(10.14995+4.35004)x0.0
.....\penalty 10000
.....etc.
...\glue 0.0 plus 1.0fill
...\hbox(0.0+0.0)x0.0, glue set - 430.0074fil
....\glue 0.0 plus 1.0fil minus 1.0fil
....\vbox(0.0+0.0)x430.0074
.....\hbox(0.0+0.0)x430.0074, glue set 430.0074fil []

[18]
APPENDIX B.
[19

]
Underfull \hbox (badness 10000) in paragraph at lines 77--92


\hbox(0.0+0.0)x614.295
.\glue(\rightskip) 0.0


Overfull \hbox (4.0pt too wide) has occurred while \output is active
  []

\hbox(0.0+0.0)x430.0074, glue set - 1.0
.\glue 3.0 plus 1.5 minus 1.0
.\glue 3.0 plus 1.5 minus 1.0
.\vbox(0.0+0.0)x430.0074
..\hbox(0.0+0.0)x430.0074
...\hbox(0.0+0.0)x0.0, glue set - 430.0074fil
....\vbox(0.0+0.0)x430.0074
.....\hbox(0.0+0.0)x430.0074, glue set 215.00371fil []
....\glue 0.0 plus 1.0fil minus 1.0fil
...\glue 0.0 plus 1.0fill
...\vbox(0.0+0.0)x430.0074
....\hbox(0.0+0.0)x430.0074, glue set 215.00371fil
.....\glue(\leftskip) 0.0 plus 1.0fil
.....\hbox(0.0+0.0)x0.0
.....\penalty 10000
.....\glue(\parfillskip) 0.0
.....\glue(\rightskip) 0.0 plus 1.0fil
...\glue 0.0 plus 1.0fill
...\hbox(0.0+0.0)x0.0, glue set - 430.0074fil
....\glue 0.0 plus 1.0fil minus 1.0fil
....\vbox(0.0+0.0)x430.0074
.....\hbox(0.0+0.0)x430.0074, glue set 430.0074fil []
..\rule(0.0+0.0)x430.0074
..\glue 0.0


Overfull \hbox (4.0pt too wide) has occurred while \output is active
  []

\hbox(10.14995+4.35004)x430.0074, glue set - 1.0
.\glue 3.0 plus 1.5 minus 1.0
.\glue 3.0 plus 1.5 minus 1.0
.\vbox(10.14995+4.35004)x430.0074
..\glue -4.35004
..\glue 0.0
..\rule(0.0+0.0)x430.0074
..\glue 4.35004
..\hbox(10.14995+4.35004)x430.0074
...\hbox(0.0+0.0)x0.0, glue set - 430.0074fil
....\vbox(0.0+0.0)x430.0074
.....\hbox(0.0+0.0)x430.0074, glue set 215.00371fil []
....\glue 0.0 plus 1.0fil minus 1.0fil
...\glue 0.0 plus 1.0fill
...\vbox(10.14995+4.35004)x430.0074
....\hbox(10.14995+4.35004)x430.0074, glue set 209.00371fil
.....\glue(\leftskip) 0.0 plus 1.0fil
.....\hbox(0.0+0.0)x0.0
.....\EU1/TimesNewRoman(0)/m/n/12 20
.....\rule(10.14995+4.35004)x0.0
.....\penalty 10000
.....etc.
...\glue 0.0 plus 1.0fill
...\hbox(0.0+0.0)x0.0, glue set - 430.0074fil
....\glue 0.0 plus 1.0fil minus 1.0fil
....\vbox(0.0+0.0)x430.0074
.....\hbox(0.0+0.0)x430.0074, glue set 430.0074fil []

[20

]
Overfull \hbox (4.0pt too wide) has occurred while \output is active
  []

\hbox(0.0+0.0)x430.0074, glue set - 1.0
.\glue 3.0 plus 1.5 minus 1.0
.\glue 3.0 plus 1.5 minus 1.0
.\vbox(0.0+0.0)x430.0074
..\hbox(0.0+0.0)x430.0074
...\hbox(0.0+0.0)x0.0, glue set - 430.0074fil
....\vbox(0.0+0.0)x430.0074
.....\hbox(0.0+0.0)x430.0074, glue set 215.00371fil []
....\glue 0.0 plus 1.0fil minus 1.0fil
...\glue 0.0 plus 1.0fill
...\vbox(0.0+0.0)x430.0074
....\hbox(0.0+0.0)x430.0074, glue set 215.00371fil
.....\glue(\leftskip) 0.0 plus 1.0fil
.....\hbox(0.0+0.0)x0.0
.....\penalty 10000
.....\glue(\parfillskip) 0.0
.....\glue(\rightskip) 0.0 plus 1.0fil
...\glue 0.0 plus 1.0fill
...\hbox(0.0+0.0)x0.0, glue set - 430.0074fil
....\glue 0.0 plus 1.0fil minus 1.0fil
....\vbox(0.0+0.0)x430.0074
.....\hbox(0.0+0.0)x430.0074, glue set 430.0074fil []
..\rule(0.0+0.0)x430.0074
..\glue 0.0


Overfull \hbox (4.0pt too wide) has occurred while \output is active
  []

\hbox(10.14995+4.35004)x430.0074, glue set - 1.0
.\glue 3.0 plus 1.5 minus 1.0
.\glue 3.0 plus 1.5 minus 1.0
.\vbox(10.14995+4.35004)x430.0074
..\glue -4.35004
..\glue 0.0
..\rule(0.0+0.0)x430.0074
..\glue 4.35004
..\hbox(10.14995+4.35004)x430.0074
...\hbox(0.0+0.0)x0.0, glue set - 430.0074fil
....\vbox(0.0+0.0)x430.0074
.....\hbox(0.0+0.0)x430.0074, glue set 215.00371fil []
....\glue 0.0 plus 1.0fil minus 1.0fil
...\glue 0.0 plus 1.0fill
...\vbox(10.14995+4.35004)x430.0074
....\hbox(10.14995+4.35004)x430.0074, glue set 209.00371fil
.....\glue(\leftskip) 0.0 plus 1.0fil
.....\hbox(0.0+0.0)x0.0
.....\EU1/TimesNewRoman(0)/m/n/12 21
.....\rule(10.14995+4.35004)x0.0
.....\penalty 10000
.....etc.
...\glue 0.0 plus 1.0fill
...\hbox(0.0+0.0)x0.0, glue set - 430.0074fil
....\glue 0.0 plus 1.0fil minus 1.0fil
....\vbox(0.0+0.0)x430.0074
.....\hbox(0.0+0.0)x430.0074, glue set 430.0074fil []

[21


])
Package atveryend Info: Empty hook `BeforeClearDocument' on input line 109.
Package atveryend Info: Empty hook `AfterLastShipout' on input line 109.
 (./TAMUthesis_Template_OpenThisFileToCompile.aux (./data/cover.aux)
(./data/Abstract.aux) (./data/Dedication.aux) (./data/Acknowledgment.aux)
(./data/Nomenclature.aux) (./data/chapterI.aux) (./data/chapterII.aux)
(./data/chapterIII.aux) (./data/chapterIV.aux) (./data/Appendix.aux))
Package atveryend Info: Empty hook `AtVeryEndDocument' on input line 109.
Package atveryend Info: Empty hook `AtEndAfterFileList' on input line 109.


LaTeX Font Warning: Size substitutions with differences
(Font)              up to 0.43008pt have occurred.


LaTeX Font Warning: Some font shapes were not available, defaults substituted.

Package atveryend Info: Empty hook `AtVeryVeryEnd' on input line 109.
 ) 
Here is how much of TeX's memory you used:
 27680 strings out of 493706
 498558 string characters out of 6145769
 567746 words of memory out of 5000000
 30613 multiletter control sequences out of 15000+600000
 32026 words of font info for 104 fonts, out of 8000000 for 9000
 1328 hyphenation exceptions out of 8191
 60i,16n,94p,10422b,1983s stack positions out of 5000i,500n,10000p,200000b,80000s

Output written on TAMUthesis_Template_OpenThisFileToCompile.pdf (31 pages).
