\BOOKMARK [0][-]{section*.1}{ABSTRACT}{}% 1
\BOOKMARK [0][-]{section*.2}{DEDICATION}{}% 2
\BOOKMARK [0][-]{section*.3}{ACKNOWLEDGMENTS}{}% 3
\BOOKMARK [0][-]{section*.4}{NOMENCLATURE}{}% 4
\BOOKMARK [0][-]{section*.6}{TABLE\040OF\040CONTENTS}{}% 5
\BOOKMARK [0][-]{section*.7}{LIST\040OF\040FIGURES}{}% 6
\BOOKMARK [0][-]{section*.8}{LIST\040OF\040TABLES}{}% 7
\BOOKMARK [0][-]{chapter.1}{INTRODUCTION\040AND\040LITERATURE\040REVIEW}{}% 8
\BOOKMARK [1][-]{section.1.1}{Author's\040Message}{chapter.1}% 9
\BOOKMARK [2][-]{subsection.1.1.1}{Brief\040Usage\040of\040the\040Template}{section.1.1}% 10
\BOOKMARK [2][-]{subsection.1.1.2}{How\040to\040Fill\040this\040Document}{section.1.1}% 11
\BOOKMARK [2][-]{subsection.1.1.3}{Reference\040Usage\040and\040Example}{section.1.1}% 12
\BOOKMARK [2][-]{subsection.1.1.4}{Equation\040Usage}{section.1.1}% 13
\BOOKMARK [2][-]{subsection.1.1.5}{Cover\040Page}{section.1.1}% 14
\BOOKMARK [1][-]{section.1.2}{Specification\040in\040this\040TAMU\040Thesis\040LaTeX\040\040Template}{chapter.1}% 15
\BOOKMARK [2][-]{subsection.1.2.1}{Chapter\040Method\040Requirements}{section.1.2}% 16
\BOOKMARK [2][-]{subsection.1.2.2}{Subheadings\040Requirements}{section.1.2}% 17
\BOOKMARK [2][-]{subsection.1.2.3}{Third-Order\040Subheadings}{section.1.2}% 18
\BOOKMARK [1][-]{section.1.3}{Test\040Section}{chapter.1}% 19
\BOOKMARK [1][-]{section.1.4}{Thesis\040Organization}{chapter.1}% 20
\BOOKMARK [0][-]{chapter.2}{PAGES\040WITH\040A\040FIGURE,\040A\040TABLE\040AND\040AN\040EQUATION}{}% 21
\BOOKMARK [1][-]{section.2.1}{Figure\040Placement\040and\040Size}{chapter.2}% 22
\BOOKMARK [1][-]{section.2.2}{Figure\040Titles}{chapter.2}% 23
\BOOKMARK [1][-]{section.2.3}{Continued\040Figures}{chapter.2}% 24
\BOOKMARK [1][-]{section.2.4}{Table\040Placement,\040Size\040and\040Table\040Title}{chapter.2}% 25
\BOOKMARK [1][-]{section.2.5}{Equations}{chapter.2}% 26
\BOOKMARK [1][-]{section.2.6}{Equation\040Vertical\040Spacing}{chapter.2}% 27
\BOOKMARK [1][-]{section.2.7}{Other\040Information\040in\040this\040Document}{chapter.2}% 28
\BOOKMARK [1][-]{section.2.8}{Another\040Test\040Section}{chapter.2}% 29
\BOOKMARK [1][-]{section.2.9}{Another\040Test\040Section\0403}{chapter.2}% 30
\BOOKMARK [1][-]{section.2.10}{Another\040Test\040Section\0404}{chapter.2}% 31
\BOOKMARK [1][-]{section.2.11}{Another\040Test\040Section\0405\040&\0406}{chapter.2}% 32
\BOOKMARK [0][-]{chapter.3}{VERY\040VERY\040VERY\040VERY\040VERY\040LONG\040TITLE\040I\040TEST\040THE\040DISPLAY\040IN\040THE\040HEADER}{}% 33
\BOOKMARK [1][-]{section.3.1}{Section\040Test\040Example\0401\040}{chapter.3}% 34
\BOOKMARK [1][-]{section.3.2}{Test\040Section\040in\040this\040Chapter}{chapter.3}% 35
\BOOKMARK [2][-]{subsection.3.2.1}{Test\040Subsection\040in\040this\040Chapter}{section.3.2}% 36
\BOOKMARK [2][-]{subsection.3.2.2}{Subsection\040Test\040Example\0401}{section.3.2}% 37
\BOOKMARK [1][-]{section.3.3}{Section\040Test\040Example\0402}{chapter.3}% 38
\BOOKMARK [2][-]{subsection.3.3.1}{Test\040Subsection\040in\040this\040Chapter}{section.3.3}% 39
\BOOKMARK [2][-]{subsection.3.3.2}{Subsection\040Test\040Example\0403\040}{section.3.3}% 40
\BOOKMARK [2][-]{subsection.3.3.3}{Subsection\040Test\040Example\0404}{section.3.3}% 41
\BOOKMARK [2][-]{subsection.3.3.4}{Section\040Summary}{section.3.3}% 42
\BOOKMARK [1][-]{section.3.4}{Section\040Test\040Example\0403}{chapter.3}% 43
\BOOKMARK [2][-]{subsection.3.4.1}{Subsection\040Test\0401}{section.3.4}% 44
\BOOKMARK [2][-]{subsection.3.4.2}{Subsection\040Test\0402}{section.3.4}% 45
\BOOKMARK [2][-]{subsection.3.4.3}{Subsection\040Test\0403}{section.3.4}% 46
\BOOKMARK [2][-]{subsection.3.4.4}{Subsection\040Test\0404}{section.3.4}% 47
\BOOKMARK [1][-]{section.3.5}{Section\040Test\040Example\0404}{chapter.3}% 48
\BOOKMARK [0][-]{chapter.4}{SUMMARY\040AND\040CONCLUSIONS\040}{}% 49
\BOOKMARK [1][-]{section.4.1}{Section\040Test\040Unknown\040Part}{chapter.4}% 50
\BOOKMARK [1][-]{section.4.2}{Section\040Test\040Unknown\040Part\0401}{chapter.4}% 51
\BOOKMARK [1][-]{section.4.3}{Section\040Test\040Unknown\040Part\0402}{chapter.4}% 52
\BOOKMARK [1][-]{section.4.4}{Section\040Test\040Unknown\040Part\0403}{chapter.4}% 53
\BOOKMARK [1][-]{section.4.5}{Section\040Test\040Unknown\040Part\0405}{chapter.4}% 54
\BOOKMARK [1][-]{section.4.6}{Section\040Test\040Unknown\040Part\0406}{chapter.4}% 55
\BOOKMARK [0][-]{section*.15}{REFERENCES}{}% 56
\BOOKMARK [0][-]{APPENDIX.1.A}{APPENDIX\040MISCELLANEOUS\040}{}% 57
\BOOKMARK [1][-]{section.1.A.1}{Figures/Tables\040in\040Appendix}{APPENDIX.1.A}% 58
\BOOKMARK [2][-]{subsection.1.A.1.1}{TEST1}{section.1.A.1}% 59
\BOOKMARK [2][-]{subsection.1.A.1.2}{TEST2}{section.1.A.1}% 60
\BOOKMARK [1][-]{section.1.A.2}{Random\040Pictures\040and\040Test}{APPENDIX.1.A}% 61
\BOOKMARK [1][-]{section.1.A.3}{Misc\040Test}{APPENDIX.1.A}% 62
\BOOKMARK [0][-]{APPENDIX.1.B}{APPENDIX\040SOURCE\040CODE}{}% 63
\BOOKMARK [1][-]{section.1.B.1}{Misc\040Test\0402}{APPENDIX.1.B}% 64
\BOOKMARK [1][-]{section.1.B.2}{Misc\040Test\0403}{APPENDIX.1.B}% 65
\BOOKMARK [1][-]{section.1.B.3}{Resource\040Usage}{APPENDIX.1.B}% 66
